2026-01-09 08:19:07,577 [INFO] STEP 1: Loading reference documentation
2026-01-09 08:19:07,578 [INFO] Loading documentation from: data/Openbank_extracted_text.txt
2026-01-09 08:19:07,578 [INFO] Documentation loaded: 11,927 chars (~2,981 tokens)
2026-01-09 08:19:07,579 [INFO] Documentation validation passed - found 5 security keywords
2026-01-09 08:19:07,579 [INFO] 
STEP 2: Loading input dataset
2026-01-09 08:19:07,622 [INFO] Loaded 933 rows from data/hallucinationQuestions_no400_all.csv
2026-01-09 08:19:07,624 [INFO] 
STEP 3: Preparing evaluation
2026-01-09 08:19:07,625 [INFO] Resuming from: data/hallucination_detection_results.csv
2026-01-09 08:19:07,691 [INFO] Total: 933, Completed: 655, Pending: 278
2026-01-09 08:19:34,363 [INFO] STEP 1: Loading reference documentation
2026-01-09 08:19:34,363 [INFO] Loading documentation from: data/Openbank_extracted_text.txt
2026-01-09 08:19:34,364 [INFO] Documentation loaded: 11,927 chars (~2,981 tokens)
2026-01-09 08:19:34,364 [INFO] Documentation validation passed - found 5 security keywords
2026-01-09 08:19:34,365 [INFO] 
STEP 2: Loading input dataset
2026-01-09 08:19:34,414 [INFO] Loaded 933 rows from data/hallucinationQuestions_no400_all.csv
2026-01-09 08:19:34,415 [INFO] 
STEP 3: Preparing evaluation
2026-01-09 08:19:34,416 [INFO] Resuming from: data/hallucination_detection_results.csv
2026-01-09 08:19:34,484 [INFO] Total: 933, Completed: 655, Pending: 278
2026-01-09 08:19:43,488 [INFO] 
STEP 4: Starting evaluation with 8 workers
2026-01-09 08:19:46,306 [INFO] Worker 24956 initialized with fresh token
2026-01-09 08:19:46,306 [INFO] Worker 25360 initialized with fresh token
2026-01-09 08:19:46,307 [INFO] Worker 2112 initialized with fresh token
2026-01-09 08:19:46,311 [WARNING] Could not load prompt file: [Errno 2] No such file or directory: 'src/hallucination_evaluation_prompt.txt', using default
2026-01-09 08:19:46,310 [WARNING] Could not load prompt file: [Errno 2] No such file or directory: 'src/hallucination_evaluation_prompt.txt', using default
2026-01-09 08:19:46,321 [INFO] Worker 11080 initialized with fresh token
2026-01-09 08:19:46,308 [INFO] Worker 12904 initialized with fresh token
2026-01-09 08:19:46,447 [WARNING] Could not load prompt file: [Errno 2] No such file or directory: 'src/hallucination_evaluation_prompt.txt', using default
2026-01-09 08:19:46,414 [WARNING] Could not load prompt file: [Errno 2] No such file or directory: 'src/hallucination_evaluation_prompt.txt', using default
2026-01-09 08:19:46,310 [WARNING] Could not load prompt file: [Errno 2] No such file or directory: 'src/hallucination_evaluation_prompt.txt', using default
2026-01-09 08:19:46,491 [INFO] Worker 20744 initialized with fresh token
2026-01-09 08:19:46,522 [WARNING] Could not load prompt file: [Errno 2] No such file or directory: 'src/hallucination_evaluation_prompt.txt', using default
2026-01-09 08:19:46,779 [INFO] Worker 5316 initialized with fresh token
2026-01-09 08:19:46,780 [WARNING] Could not load prompt file: [Errno 2] No such file or directory: 'src/hallucination_evaluation_prompt.txt', using default
2026-01-09 08:19:46,909 [INFO] Worker 16516 initialized with fresh token
2026-01-09 08:19:46,910 [WARNING] Could not load prompt file: [Errno 2] No such file or directory: 'src/hallucination_evaluation_prompt.txt', using default
2026-01-09 08:19:52,399 [INFO] Row 657: PASS (NONE) - PASS
2026-01-09 08:19:52,672 [INFO] Row 659: PASS (NONE) - PASS
2026-01-09 08:19:53,602 [INFO] Row 658: PASS (NONE) - PASS
2026-01-09 08:19:53,740 [INFO] Row 662: PASS (NONE) - PASS
2026-01-09 08:19:53,878 [INFO] Row 661: PASS (NONE) - PASS
2026-01-09 08:19:55,681 [INFO] Row 660: PASS (NONE) - PASS
2026-01-09 08:19:57,364 [INFO] Row 654: MAJOR_HALLUCINATION (HIGH) - HALLUCINATION
2026-01-09 08:19:57,425 [INFO] Row 663: PASS (NONE) - PASS
2026-01-09 08:19:57,631 [INFO] Row 665: PASS (NONE) - PASS
2026-01-09 08:19:58,018 [INFO] Row 666: MINOR_HALLUCINATION (LOW) - HALLUCINATION
2026-01-09 08:19:58,178 [INFO] Progress saved: 665/933
2026-01-09 08:19:58,611 [INFO] Row 667: MINOR_HALLUCINATION (LOW) - HALLUCINATION
2026-01-09 08:19:58,880 [INFO] Row 655: MAJOR_HALLUCINATION (HIGH) - HALLUCINATION
2026-01-09 08:20:00,596 [INFO] Row 664: PASS (NONE) - PASS
2026-01-09 08:20:03,849 [INFO] Worker 26968 initialized with fresh token
2026-01-09 08:20:03,849 [WARNING] Could not load prompt file: [Errno 2] No such file or directory: 'src/hallucination_evaluation_prompt.txt', using default
2026-01-09 08:20:06,791 [INFO] Worker 17524 initialized with fresh token
2026-01-09 08:20:06,799 [WARNING] Could not load prompt file: [Errno 2] No such file or directory: 'src/hallucination_evaluation_prompt.txt', using default
2026-01-09 08:20:06,933 [INFO] Worker 13040 initialized with fresh token
2026-01-09 08:20:06,953 [WARNING] Could not load prompt file: [Errno 2] No such file or directory: 'src/hallucination_evaluation_prompt.txt', using default
2026-01-09 08:20:07,345 [INFO] Worker 13132 initialized with fresh token
2026-01-09 08:20:07,521 [WARNING] Could not load prompt file: [Errno 2] No such file or directory: 'src/hallucination_evaluation_prompt.txt', using default
2026-01-09 08:20:07,820 [INFO] Worker 27332 initialized with fresh token
2026-01-09 08:20:07,821 [WARNING] Could not load prompt file: [Errno 2] No such file or directory: 'src/hallucination_evaluation_prompt.txt', using default
2026-01-09 08:20:08,680 [INFO] Worker 15252 initialized with fresh token
2026-01-09 08:20:08,681 [WARNING] Could not load prompt file: [Errno 2] No such file or directory: 'src/hallucination_evaluation_prompt.txt', using default
2026-01-09 08:20:09,398 [INFO] Worker 19696 initialized with fresh token
2026-01-09 08:20:09,399 [WARNING] Could not load prompt file: [Errno 2] No such file or directory: 'src/hallucination_evaluation_prompt.txt', using default
2026-01-09 08:20:11,465 [INFO] Worker 19676 initialized with fresh token
2026-01-09 08:20:11,465 [WARNING] Could not load prompt file: [Errno 2] No such file or directory: 'src/hallucination_evaluation_prompt.txt', using default
2026-01-09 08:20:12,224 [WARNING] 
Interrupted - saving progress...
2026-01-09 08:20:12,356 [INFO] Progress saved: 668/933
2026-01-09 08:24:44,237 [INFO] STEP 1: Loading reference documentation
2026-01-09 08:24:44,237 [INFO] Loading documentation from: data/Openbank_extracted_text.txt
2026-01-09 08:24:44,238 [INFO] Documentation loaded: 11,927 chars (~2,981 tokens)
2026-01-09 08:24:44,238 [INFO] Documentation validation passed - found 5 security keywords
2026-01-09 08:24:44,238 [INFO] 
STEP 2: Loading input dataset
2026-01-09 08:24:44,278 [INFO] Loaded 933 rows from data/hallucinationQuestions_no400_all.csv
2026-01-09 08:24:44,280 [INFO] 
STEP 3: Preparing evaluation
2026-01-09 08:24:44,281 [INFO] Resuming from: data/hallucination_detection_results.csv
2026-01-09 08:24:44,345 [INFO] Total: 933, Completed: 668, Pending: 265
2026-01-09 08:24:54,238 [INFO] 
STEP 4: Starting evaluation with 8 workers
2026-01-09 08:24:56,864 [INFO] Worker 4000 initialized with fresh token
2026-01-09 08:24:56,878 [WARNING] Could not load prompt file: [Errno 2] No such file or directory: 'src/hallucination_evaluation_prompt.txt', using default
2026-01-09 08:24:57,003 [INFO] Worker 16516 initialized with fresh token
2026-01-09 08:24:57,079 [WARNING] Could not load prompt file: [Errno 2] No such file or directory: 'src/hallucination_evaluation_prompt.txt', using default
2026-01-09 08:24:57,288 [INFO] Worker 19336 initialized with fresh token
2026-01-09 08:24:57,302 [WARNING] Could not load prompt file: [Errno 2] No such file or directory: 'src/hallucination_evaluation_prompt.txt', using default
2026-01-09 08:24:57,412 [INFO] Worker 12620 initialized with fresh token
2026-01-09 08:24:57,416 [WARNING] Could not load prompt file: [Errno 2] No such file or directory: 'src/hallucination_evaluation_prompt.txt', using default
2026-01-09 08:24:57,442 [INFO] Worker 13212 initialized with fresh token
2026-01-09 08:24:57,463 [WARNING] Could not load prompt file: [Errno 2] No such file or directory: 'src/hallucination_evaluation_prompt.txt', using default
2026-01-09 08:24:57,689 [INFO] Worker 27096 initialized with fresh token
2026-01-09 08:24:57,690 [WARNING] Could not load prompt file: [Errno 2] No such file or directory: 'src/hallucination_evaluation_prompt.txt', using default
2026-01-09 08:24:57,821 [INFO] Worker 24312 initialized with fresh token
2026-01-09 08:24:57,822 [WARNING] Could not load prompt file: [Errno 2] No such file or directory: 'src/hallucination_evaluation_prompt.txt', using default
2026-01-09 08:24:57,985 [INFO] Worker 624 initialized with fresh token
2026-01-09 08:24:57,986 [WARNING] Could not load prompt file: [Errno 2] No such file or directory: 'src/hallucination_evaluation_prompt.txt', using default
2026-01-09 08:25:02,993 [INFO] Row 669: PASS (NONE) - PASS
2026-01-09 08:25:03,207 [INFO] Row 671: PASS (NONE) - PASS
2026-01-09 08:25:03,890 [INFO] Row 668: MODERATE_HALLUCINATION (MEDIUM) - HALLUCINATION
2026-01-09 08:25:04,207 [INFO] Row 675: MAJOR_HALLUCINATION (HIGH) - HALLUCINATION
2026-01-09 08:25:04,355 [INFO] Row 670: MAJOR_HALLUCINATION (HIGH) - HALLUCINATION
2026-01-09 08:25:04,558 [INFO] Row 672: MINOR_HALLUCINATION (LOW) - HALLUCINATION
2026-01-09 08:25:04,683 [INFO] Row 673: SEVERE_HALLUCINATION (CRITICAL) - HALLUCINATION
2026-01-09 08:25:05,005 [INFO] Row 674: MAJOR_HALLUCINATION (HIGH) - HALLUCINATION
2026-01-09 08:25:07,709 [INFO] Row 678: PASS (NONE) - PASS
2026-01-09 08:25:08,364 [INFO] Row 677: MODERATE_HALLUCINATION (MEDIUM) - HALLUCINATION
2026-01-09 08:25:08,603 [INFO] Progress saved: 678/933
2026-01-09 08:25:08,604 [INFO] Row 682: PASS (NONE) - PASS
2026-01-09 08:25:09,104 [INFO] Row 681: PASS (NONE) - PASS
2026-01-09 08:25:09,762 [INFO] Row 676: MODERATE_HALLUCINATION (MEDIUM) - HALLUCINATION
2026-01-09 08:25:10,410 [INFO] Row 679: MAJOR_HALLUCINATION (HIGH) - HALLUCINATION
2026-01-09 08:25:11,952 [INFO] Row 683: MAJOR_HALLUCINATION (HIGH) - HALLUCINATION
2026-01-09 08:25:12,709 [INFO] Row 686: PASS (NONE) - PASS
2026-01-09 08:25:13,455 [INFO] Row 685: PASS (NONE) - PASS
2026-01-09 08:25:13,538 [INFO] Row 687: PASS (NONE) - PASS
2026-01-09 08:25:14,786 [INFO] Row 689: PASS (NONE) - PASS
2026-01-09 08:25:15,443 [INFO] Row 690: PASS (NONE) - PASS
2026-01-09 08:25:15,591 [INFO] Progress saved: 688/933
2026-01-09 08:25:17,004 [INFO] Row 688: PASS (NONE) - PASS
2026-01-09 08:25:18,454 [INFO] Row 691: PASS (NONE) - PASS
2026-01-09 08:25:18,610 [INFO] Row 680: MAJOR_HALLUCINATION (HIGH) - HALLUCINATION
2026-01-09 08:25:19,057 [INFO] Row 692: PASS (NONE) - PASS
2026-01-09 08:25:19,717 [INFO] Row 695: PASS (NONE) - PASS
2026-01-09 08:25:19,878 [INFO] Row 684: PASS (NONE) - PASS
2026-01-09 08:25:21,332 [INFO] Row 694: PASS (NONE) - PASS
2026-01-09 08:25:21,646 [INFO] Row 696: MINOR_HALLUCINATION (LOW) - HALLUCINATION
2026-01-09 08:25:22,957 [INFO] Row 693: PASS (NONE) - PASS
2026-01-09 08:25:23,883 [INFO] Row 697: PASS (NONE) - PASS
2026-01-09 08:25:24,060 [INFO] Progress saved: 698/933
2026-01-09 08:25:24,466 [INFO] Row 700: MODERATE_HALLUCINATION (MEDIUM) - HALLUCINATION
2026-01-09 08:25:25,065 [INFO] Row 703: PASS (NONE) - PASS
2026-01-09 08:25:25,138 [INFO] Row 698: MINOR_HALLUCINATION (LOW) - HALLUCINATION
2026-01-09 08:25:26,222 [INFO] Row 702: PASS (NONE) - PASS
2026-01-09 08:25:28,072 [INFO] Row 704: MODERATE_HALLUCINATION (MEDIUM) - HALLUCINATION
2026-01-09 08:25:28,883 [INFO] Row 707: PASS (NONE) - PASS
2026-01-09 08:25:29,028 [INFO] Row 705: PASS (NONE) - PASS
2026-01-09 08:25:32,284 [INFO] Row 699: MODERATE_HALLUCINATION (MEDIUM) - HALLUCINATION
2026-01-09 08:25:32,774 [INFO] Row 710: MODERATE_HALLUCINATION (MEDIUM) - HALLUCINATION
2026-01-09 08:25:33,302 [INFO] Row 708: MAJOR_HALLUCINATION (HIGH) - HALLUCINATION
2026-01-09 08:25:33,505 [INFO] Progress saved: 708/933
2026-01-09 08:25:33,506 [INFO] Row 709: MODERATE_HALLUCINATION (MEDIUM) - HALLUCINATION
2026-01-09 08:25:34,363 [INFO] Row 712: MINOR_HALLUCINATION (LOW) - HALLUCINATION
2026-01-09 08:25:36,277 [INFO] Row 701: MODERATE_HALLUCINATION (MEDIUM) - HALLUCINATION
2026-01-09 08:25:36,433 [INFO] Row 706: PASS (NONE) - PASS
2026-01-09 08:25:38,037 [INFO] Row 713: MODERATE_HALLUCINATION (MEDIUM) - HALLUCINATION
2026-01-09 08:25:38,819 [INFO] Row 716: MODERATE_HALLUCINATION (MEDIUM) - HALLUCINATION
2026-01-09 08:25:39,627 [INFO] Row 717: MODERATE_HALLUCINATION (MEDIUM) - HALLUCINATION
2026-01-09 08:25:40,604 [INFO] Row 718: MODERATE_HALLUCINATION (MEDIUM) - HALLUCINATION
2026-01-09 08:25:40,742 [INFO] Row 714: MODERATE_HALLUCINATION (MEDIUM) - HALLUCINATION
2026-01-09 08:25:41,094 [INFO] Row 715: MODERATE_HALLUCINATION (MEDIUM) - HALLUCINATION
2026-01-09 08:25:41,251 [INFO] Progress saved: 718/933
2026-01-09 08:25:42,052 [INFO] Row 719: PASS (NONE) - PASS
2026-01-09 08:25:42,875 [INFO] Row 721: PASS (NONE) - PASS
2026-01-09 08:25:43,539 [INFO] Row 720: MODERATE_HALLUCINATION (MEDIUM) - HALLUCINATION
2026-01-09 08:25:44,272 [INFO] Row 724: PASS (NONE) - PASS
2026-01-09 08:25:44,559 [INFO] Row 722: PASS (NONE) - PASS
2026-01-09 08:25:44,873 [INFO] Row 711: MODERATE_HALLUCINATION (MEDIUM) - HALLUCINATION
2026-01-09 08:25:45,456 [INFO] Row 723: PASS (NONE) - PASS
2026-01-09 08:25:46,316 [INFO] Row 727: PASS (NONE) - PASS
2026-01-09 08:25:47,272 [INFO] Row 725: MINOR_HALLUCINATION (LOW) - HALLUCINATION
2026-01-09 08:25:48,362 [INFO] Row 728: PASS (NONE) - PASS
2026-01-09 08:25:48,510 [INFO] Progress saved: 728/933
2026-01-09 08:25:49,700 [INFO] Row 730: MODERATE_HALLUCINATION (MEDIUM) - HALLUCINATION
2026-01-09 08:25:50,140 [INFO] Row 729: MODERATE_HALLUCINATION (MEDIUM) - HALLUCINATION
2026-01-09 08:25:50,498 [INFO] Row 732: MAJOR_HALLUCINATION (HIGH) - HALLUCINATION
2026-01-09 08:25:50,680 [INFO] Row 733: MODERATE_HALLUCINATION (MEDIUM) - HALLUCINATION
2026-01-09 08:25:51,253 [INFO] Row 731: MODERATE_HALLUCINATION (MEDIUM) - HALLUCINATION
2026-01-09 08:25:53,282 [INFO] Row 734: MODERATE_HALLUCINATION (MEDIUM) - HALLUCINATION
2026-01-09 08:25:54,415 [INFO] Row 735: PASS (NONE) - PASS
2026-01-09 08:25:54,642 [INFO] Row 736: MODERATE_HALLUCINATION (MEDIUM) - HALLUCINATION
2026-01-09 08:25:55,280 [INFO] Row 739: PASS (NONE) - PASS
2026-01-09 08:25:56,050 [INFO] Row 738: MODERATE_HALLUCINATION (MEDIUM) - HALLUCINATION
2026-01-09 08:25:56,222 [INFO] Progress saved: 738/933
2026-01-09 08:25:58,200 [INFO] Row 741: MODERATE_HALLUCINATION (MEDIUM) - HALLUCINATION
2026-01-09 08:25:58,699 [INFO] Row 742: MODERATE_HALLUCINATION (MEDIUM) - HALLUCINATION
2026-01-09 08:25:59,492 [INFO] Row 726: PASS (NONE) - PASS
2026-01-09 08:26:00,135 [INFO] Row 743: MAJOR_HALLUCINATION (HIGH) - HALLUCINATION
2026-01-09 08:26:01,359 [INFO] Row 745: MODERATE_HALLUCINATION (MEDIUM) - HALLUCINATION
2026-01-09 08:26:01,487 [INFO] Row 744: MODERATE_HALLUCINATION (MEDIUM) - HALLUCINATION
2026-01-09 08:26:02,528 [INFO] Row 747: MODERATE_HALLUCINATION (MEDIUM) - HALLUCINATION
2026-01-09 08:26:03,409 [INFO] Row 737: MODERATE_HALLUCINATION (MEDIUM) - HALLUCINATION
2026-01-09 08:26:03,541 [INFO] Row 746: MAJOR_HALLUCINATION (HIGH) - HALLUCINATION
2026-01-09 08:26:03,690 [INFO] Row 740: PASS (NONE) - PASS
2026-01-09 08:26:03,852 [INFO] Progress saved: 748/933
2026-01-09 08:26:04,841 [INFO] Row 748: MODERATE_HALLUCINATION (MEDIUM) - HALLUCINATION
2026-01-09 08:26:05,017 [INFO] Row 750: PASS (NONE) - PASS
2026-01-09 08:26:06,319 [INFO] Row 751: MODERATE_HALLUCINATION (MEDIUM) - HALLUCINATION
2026-01-09 08:26:06,578 [INFO] Row 752: MODERATE_HALLUCINATION (MEDIUM) - HALLUCINATION
2026-01-09 08:26:07,719 [INFO] Row 754: MAJOR_HALLUCINATION (HIGH) - HALLUCINATION
2026-01-09 08:26:09,046 [INFO] Row 753: MODERATE_HALLUCINATION (MEDIUM) - HALLUCINATION
2026-01-09 08:26:09,166 [INFO] Row 755: MAJOR_HALLUCINATION (HIGH) - HALLUCINATION
2026-01-09 08:26:09,936 [INFO] Row 756: MAJOR_HALLUCINATION (HIGH) - HALLUCINATION
2026-01-09 08:26:10,611 [INFO] Row 757: MAJOR_HALLUCINATION (HIGH) - HALLUCINATION
2026-01-09 08:26:11,174 [INFO] Row 759: PASS (NONE) - PASS
2026-01-09 08:26:11,374 [INFO] Progress saved: 758/933
2026-01-09 08:26:11,786 [INFO] Row 760: PASS (NONE) - PASS
2026-01-09 08:26:12,545 [INFO] Row 758: MODERATE_HALLUCINATION (MEDIUM) - HALLUCINATION
2026-01-09 08:26:13,676 [INFO] Row 749: MAJOR_HALLUCINATION (HIGH) - HALLUCINATION
2026-01-09 08:26:14,169 [INFO] Row 764: PASS (NONE) - PASS
2026-01-09 08:26:14,349 [INFO] Row 761: MAJOR_HALLUCINATION (HIGH) - HALLUCINATION
2026-01-09 08:26:15,782 [INFO] Row 762: PASS (NONE) - PASS
2026-01-09 08:26:16,020 [INFO] Row 763: PASS (NONE) - PASS
2026-01-09 08:26:17,002 [INFO] Row 765: MINOR_HALLUCINATION (LOW) - HALLUCINATION
2026-01-09 08:26:18,082 [INFO] Row 770: PASS (NONE) - PASS
2026-01-09 08:26:18,428 [INFO] Row 767: MINOR_HALLUCINATION (LOW) - HALLUCINATION
2026-01-09 08:26:18,541 [INFO] Progress saved: 768/933
2026-01-09 08:26:18,556 [INFO] Row 766: PASS (NONE) - PASS
2026-01-09 08:26:18,882 [INFO] Row 768: PASS (NONE) - PASS
2026-01-09 08:26:19,126 [INFO] Row 769: MODERATE_HALLUCINATION (MEDIUM) - HALLUCINATION
2026-01-09 08:26:20,722 [INFO] Row 771: MINOR_HALLUCINATION (LOW) - HALLUCINATION
2026-01-09 08:26:22,777 [INFO] Row 773: PASS (NONE) - PASS
2026-01-09 08:26:22,894 [INFO] Row 774: MODERATE_HALLUCINATION (MEDIUM) - HALLUCINATION
2026-01-09 08:26:23,696 [INFO] Row 778: PASS (NONE) - PASS
2026-01-09 08:26:23,882 [INFO] Row 776: PASS (NONE) - PASS
2026-01-09 08:26:25,724 [INFO] Row 775: MAJOR_HALLUCINATION (HIGH) - HALLUCINATION
2026-01-09 08:26:27,338 [INFO] Row 779: MODERATE_HALLUCINATION (MEDIUM) - HALLUCINATION
2026-01-09 08:26:27,507 [INFO] Progress saved: 778/933
2026-01-09 08:26:27,852 [INFO] Row 780: MINOR_HALLUCINATION (LOW) - HALLUCINATION
2026-01-09 08:26:29,044 [INFO] Row 781: MAJOR_HALLUCINATION (HIGH) - HALLUCINATION
2026-01-09 08:26:29,197 [INFO] Row 783: MAJOR_HALLUCINATION (HIGH) - HALLUCINATION
2026-01-09 08:26:30,825 [INFO] Row 782: MODERATE_HALLUCINATION (MEDIUM) - HALLUCINATION
2026-01-09 08:26:30,991 [INFO] Row 772: MODERATE_HALLUCINATION (MEDIUM) - HALLUCINATION
2026-01-09 08:26:33,198 [INFO] Row 777: PASS (NONE) - PASS
2026-01-09 08:26:33,484 [INFO] Row 785: MODERATE_HALLUCINATION (MEDIUM) - HALLUCINATION
2026-01-09 08:26:34,041 [INFO] Row 787: MODERATE_HALLUCINATION (MEDIUM) - HALLUCINATION
2026-01-09 08:26:35,304 [INFO] Row 788: MODERATE_HALLUCINATION (MEDIUM) - HALLUCINATION
2026-01-09 08:26:35,530 [INFO] Row 786: PASS (NONE) - PASS
2026-01-09 08:26:35,723 [INFO] Progress saved: 788/933
2026-01-09 08:26:36,941 [INFO] Row 784: MODERATE_HALLUCINATION (MEDIUM) - HALLUCINATION
2026-01-09 08:26:39,321 [INFO] Row 792: PASS (NONE) - PASS
2026-01-09 08:26:39,442 [INFO] Row 791: MODERATE_HALLUCINATION (MEDIUM) - HALLUCINATION
2026-01-09 08:26:40,018 [INFO] Row 795: PASS (NONE) - PASS
2026-01-09 08:26:40,479 [INFO] Row 794: MODERATE_HALLUCINATION (MEDIUM) - HALLUCINATION
2026-01-09 08:26:42,894 [INFO] Row 796: MODERATE_HALLUCINATION (MEDIUM) - HALLUCINATION
2026-01-09 08:26:44,325 [INFO] Row 800: PASS (NONE) - PASS
2026-01-09 08:26:44,897 [INFO] Row 789: PASS (NONE) - PASS
2026-01-09 08:26:45,124 [INFO] Row 790: MODERATE_HALLUCINATION (MEDIUM) - HALLUCINATION
2026-01-09 08:26:48,514 [INFO] Row 801: SEVERE_HALLUCINATION (CRITICAL) - HALLUCINATION
2026-01-09 08:26:48,678 [INFO] Progress saved: 798/933
2026-01-09 08:26:49,053 [INFO] Row 798: PASS (NONE) - PASS
2026-01-09 08:26:49,356 [INFO] Row 802: PASS (NONE) - PASS
2026-01-09 08:26:49,622 [INFO] Row 799: PASS (NONE) - PASS
2026-01-09 08:26:49,791 [INFO] Row 804: PASS (NONE) - PASS
2026-01-09 08:26:50,837 [INFO] Row 793: MAJOR_HALLUCINATION (HIGH) - HALLUCINATION
2026-01-09 08:26:51,803 [INFO] Row 797: MAJOR_HALLUCINATION (HIGH) - HALLUCINATION
2026-01-09 08:26:52,133 [INFO] Row 803: MODERATE_HALLUCINATION (MEDIUM) - HALLUCINATION
2026-01-09 08:26:53,586 [INFO] Row 809: PASS (NONE) - PASS
2026-01-09 08:26:53,799 [INFO] Row 807: PASS (NONE) - PASS
2026-01-09 08:26:55,255 [INFO] Row 808: PASS (NONE) - PASS
2026-01-09 08:26:55,442 [INFO] Progress saved: 808/933
2026-01-09 08:26:55,656 [INFO] Row 806: MODERATE_HALLUCINATION (MEDIUM) - HALLUCINATION
2026-01-09 08:26:56,184 [INFO] Row 805: MODERATE_HALLUCINATION (MEDIUM) - HALLUCINATION
2026-01-09 08:26:59,416 [INFO] Row 813: MODERATE_HALLUCINATION (MEDIUM) - HALLUCINATION
2026-01-09 08:27:01,228 [INFO] Row 815: MODERATE_HALLUCINATION (MEDIUM) - HALLUCINATION
2026-01-09 08:27:01,644 [INFO] Row 817: PASS (NONE) - PASS
2026-01-09 08:27:04,446 [INFO] Row 818: MODERATE_HALLUCINATION (MEDIUM) - HALLUCINATION
2026-01-09 08:27:04,567 [INFO] Row 810: PASS (NONE) - PASS
2026-01-09 08:27:05,269 [INFO] Row 814: MODERATE_HALLUCINATION (MEDIUM) - HALLUCINATION
2026-01-09 08:27:05,588 [INFO] Row 812: MODERATE_HALLUCINATION (MEDIUM) - HALLUCINATION
2026-01-09 08:27:06,254 [INFO] Row 816: MODERATE_HALLUCINATION (MEDIUM) - HALLUCINATION
2026-01-09 08:27:06,423 [INFO] Progress saved: 818/933
2026-01-09 08:27:06,750 [INFO] Row 819: MODERATE_HALLUCINATION (MEDIUM) - HALLUCINATION
2026-01-09 08:27:07,971 [INFO] Row 821: PASS (NONE) - PASS
2026-01-09 08:27:10,181 [INFO] Row 825: SEVERE_HALLUCINATION (CRITICAL) - HALLUCINATION
2026-01-09 08:27:10,269 [INFO] Row 823: PASS (NONE) - PASS
2026-01-09 08:27:10,546 [INFO] Row 824: MINOR_HALLUCINATION (LOW) - HALLUCINATION
2026-01-09 08:27:10,609 [INFO] Row 826: PASS (NONE) - PASS
2026-01-09 08:27:12,059 [INFO] Row 820: MODERATE_HALLUCINATION (MEDIUM) - HALLUCINATION
2026-01-09 08:27:13,429 [INFO] Row 827: PASS (NONE) - PASS
2026-01-09 08:27:13,501 [INFO] Row 811: PASS (NONE) - PASS
2026-01-09 08:27:14,974 [INFO] Row 831: MINOR_HALLUCINATION (LOW) - HALLUCINATION
2026-01-09 08:27:15,145 [INFO] Progress saved: 828/933
2026-01-09 08:27:15,469 [INFO] Row 829: PASS (NONE) - PASS
2026-01-09 08:27:16,729 [INFO] Row 830: PASS (NONE) - PASS
2026-01-09 08:27:17,540 [INFO] Row 828: PASS (NONE) - PASS
2026-01-09 08:27:18,159 [INFO] Row 832: MODERATE_HALLUCINATION (MEDIUM) - HALLUCINATION
2026-01-09 08:27:18,514 [INFO] Row 834: PASS (NONE) - PASS
2026-01-09 08:27:20,617 [INFO] Row 822: PASS (NONE) - PASS
2026-01-09 08:27:20,787 [INFO] Row 836: PASS (NONE) - PASS
2026-01-09 08:27:20,869 [INFO] Row 835: PASS (NONE) - PASS
2026-01-09 08:27:21,262 [INFO] Row 833: MODERATE_HALLUCINATION (MEDIUM) - HALLUCINATION
2026-01-09 08:27:21,894 [INFO] Row 837: MODERATE_HALLUCINATION (MEDIUM) - HALLUCINATION
2026-01-09 08:27:22,058 [INFO] Progress saved: 838/933
2026-01-09 08:27:23,028 [INFO] Row 840: MODERATE_HALLUCINATION (MEDIUM) - HALLUCINATION
2026-01-09 08:27:24,029 [INFO] Row 839: MAJOR_HALLUCINATION (HIGH) - HALLUCINATION
2026-01-09 08:27:24,367 [INFO] Row 838: SEVERE_HALLUCINATION (CRITICAL) - HALLUCINATION
2026-01-09 08:27:25,704 [INFO] Row 843: MAJOR_HALLUCINATION (HIGH) - HALLUCINATION
2026-01-09 08:27:27,031 [INFO] Row 842: MODERATE_HALLUCINATION (MEDIUM) - HALLUCINATION
2026-01-09 08:27:27,211 [INFO] Row 844: MODERATE_HALLUCINATION (MEDIUM) - HALLUCINATION
2026-01-09 08:27:27,649 [INFO] Row 841: MAJOR_HALLUCINATION (HIGH) - HALLUCINATION
2026-01-09 08:27:31,095 [INFO] Row 849: MINOR_HALLUCINATION (LOW) - HALLUCINATION
2026-01-09 08:27:31,292 [INFO] Row 845: MAJOR_HALLUCINATION (HIGH) - HALLUCINATION
2026-01-09 08:27:32,631 [INFO] Row 847: MODERATE_HALLUCINATION (MEDIUM) - HALLUCINATION
2026-01-09 08:27:32,751 [INFO] Progress saved: 848/933
2026-01-09 08:27:33,074 [INFO] Row 851: MAJOR_HALLUCINATION (HIGH) - HALLUCINATION
2026-01-09 08:27:34,151 [INFO] Row 852: MINOR_HALLUCINATION (LOW) - HALLUCINATION
2026-01-09 08:27:35,602 [INFO] Row 848: PASS (NONE) - PASS
2026-01-09 08:27:37,909 [INFO] Row 856: MINOR_HALLUCINATION (LOW) - HALLUCINATION
2026-01-09 08:27:37,921 [INFO] Row 846: MODERATE_HALLUCINATION (MEDIUM) - HALLUCINATION
2026-01-09 08:27:38,512 [INFO] Row 855: MODERATE_HALLUCINATION (MEDIUM) - HALLUCINATION
2026-01-09 08:27:39,170 [INFO] Row 853: MAJOR_HALLUCINATION (HIGH) - HALLUCINATION
2026-01-09 08:27:41,087 [INFO] Row 857: MINOR_HALLUCINATION (LOW) - HALLUCINATION
2026-01-09 08:27:42,679 [INFO] Row 858: MODERATE_HALLUCINATION (MEDIUM) - HALLUCINATION
2026-01-09 08:27:43,565 [INFO] Row 862: PASS (NONE) - PASS
2026-01-09 08:27:43,739 [INFO] Progress saved: 858/933
2026-01-09 08:27:43,802 [INFO] Row 859: MODERATE_HALLUCINATION (MEDIUM) - HALLUCINATION
2026-01-09 08:27:44,106 [INFO] Row 850: MODERATE_HALLUCINATION (MEDIUM) - HALLUCINATION
2026-01-09 08:27:44,174 [INFO] Row 860: MODERATE_HALLUCINATION (MEDIUM) - HALLUCINATION
2026-01-09 08:27:44,972 [INFO] Row 861: MAJOR_HALLUCINATION (HIGH) - HALLUCINATION
2026-01-09 08:27:47,368 [INFO] Row 863: MINOR_HALLUCINATION (LOW) - HALLUCINATION
2026-01-09 08:27:48,028 [INFO] Row 854: PASS (NONE) - PASS
2026-01-09 08:27:48,742 [INFO] Row 865: MINOR_HALLUCINATION (LOW) - HALLUCINATION
2026-01-09 08:27:49,750 [INFO] Row 866: MINOR_HALLUCINATION (LOW) - HALLUCINATION
2026-01-09 08:27:50,885 [INFO] Row 867: MINOR_HALLUCINATION (LOW) - HALLUCINATION
2026-01-09 08:27:51,824 [INFO] Row 871: PASS (NONE) - PASS
2026-01-09 08:27:51,994 [INFO] Progress saved: 868/933
2026-01-09 08:27:52,631 [INFO] Row 869: MODERATE_HALLUCINATION (MEDIUM) - HALLUCINATION
2026-01-09 08:27:53,133 [INFO] Row 868: MODERATE_HALLUCINATION (MEDIUM) - HALLUCINATION
2026-01-09 08:27:53,589 [INFO] Row 870: PASS (NONE) - PASS
2026-01-09 08:27:54,801 [INFO] Row 872: MODERATE_HALLUCINATION (MEDIUM) - HALLUCINATION
2026-01-09 08:27:54,875 [INFO] Row 864: MAJOR_HALLUCINATION (HIGH) - HALLUCINATION
2026-01-09 08:27:56,535 [INFO] Row 875: PASS (NONE) - PASS
2026-01-09 08:27:56,800 [INFO] Row 876: PASS (NONE) - PASS
2026-01-09 08:27:57,439 [INFO] Row 874: PASS (NONE) - PASS
2026-01-09 08:27:57,580 [INFO] Row 873: MODERATE_HALLUCINATION (MEDIUM) - HALLUCINATION
2026-01-09 08:28:00,549 [INFO] Row 880: PASS (NONE) - PASS
2026-01-09 08:28:00,865 [INFO] Progress saved: 878/933
2026-01-09 08:28:00,865 [INFO] Row 877: PASS (NONE) - PASS
2026-01-09 08:28:00,866 [INFO] Row 878: MINOR_HALLUCINATION (LOW) - HALLUCINATION
2026-01-09 08:28:02,878 [INFO] Row 881: MINOR_HALLUCINATION (LOW) - HALLUCINATION
2026-01-09 08:28:03,032 [INFO] Row 884: MINOR_HALLUCINATION (LOW) - HALLUCINATION
2026-01-09 08:28:03,301 [INFO] Row 879: MODERATE_HALLUCINATION (MEDIUM) - HALLUCINATION
2026-01-09 08:28:03,844 [INFO] Row 883: MODERATE_HALLUCINATION (MEDIUM) - HALLUCINATION
2026-01-09 08:28:04,902 [INFO] Row 882: MINOR_HALLUCINATION (LOW) - HALLUCINATION
2026-01-09 08:28:04,969 [INFO] Row 885: PASS (NONE) - PASS
2026-01-09 08:28:07,247 [INFO] Row 886: PASS (NONE) - PASS
2026-01-09 08:28:07,577 [INFO] Row 889: PASS (NONE) - PASS
2026-01-09 08:28:07,746 [INFO] Progress saved: 888/933
2026-01-09 08:28:08,311 [INFO] Row 888: PASS (NONE) - PASS
2026-01-09 08:28:08,538 [INFO] Row 887: MAJOR_HALLUCINATION (HIGH) - HALLUCINATION
2026-01-09 08:28:08,934 [INFO] Row 890: MINOR_HALLUCINATION (LOW) - HALLUCINATION
2026-01-09 08:28:09,329 [INFO] Row 893: PASS (NONE) - PASS
2026-01-09 08:28:09,791 [INFO] Row 891: PASS (NONE) - PASS
2026-01-09 08:28:11,559 [INFO] Row 892: MODERATE_HALLUCINATION (MEDIUM) - HALLUCINATION
2026-01-09 08:28:12,794 [INFO] Row 894: MAJOR_HALLUCINATION (HIGH) - HALLUCINATION
2026-01-09 08:28:13,047 [INFO] Row 895: MAJOR_HALLUCINATION (HIGH) - HALLUCINATION
2026-01-09 08:28:13,194 [INFO] Row 896: MINOR_HALLUCINATION (LOW) - HALLUCINATION
2026-01-09 08:28:14,755 [INFO] Row 897: MINOR_HALLUCINATION (LOW) - HALLUCINATION
2026-01-09 08:28:14,928 [INFO] Progress saved: 898/933
2026-01-09 08:28:15,059 [INFO] Row 898: MINOR_HALLUCINATION (LOW) - HALLUCINATION
2026-01-09 08:28:15,793 [INFO] Row 900: MAJOR_HALLUCINATION (HIGH) - HALLUCINATION
2026-01-09 08:28:16,271 [INFO] Row 899: MODERATE_HALLUCINATION (MEDIUM) - HALLUCINATION
2026-01-09 08:28:17,856 [INFO] Row 902: MAJOR_HALLUCINATION (HIGH) - HALLUCINATION
2026-01-09 08:28:19,406 [INFO] Row 903: MAJOR_HALLUCINATION (HIGH) - HALLUCINATION
2026-01-09 08:28:19,444 [INFO] Row 901: MAJOR_HALLUCINATION (HIGH) - HALLUCINATION
2026-01-09 08:28:20,096 [INFO] Row 904: MAJOR_HALLUCINATION (HIGH) - HALLUCINATION
2026-01-09 08:28:20,398 [INFO] Row 905: MAJOR_HALLUCINATION (HIGH) - HALLUCINATION
2026-01-09 08:28:20,680 [INFO] Row 906: MODERATE_HALLUCINATION (MEDIUM) - HALLUCINATION
2026-01-09 08:28:21,412 [INFO] Row 907: MAJOR_HALLUCINATION (HIGH) - HALLUCINATION
2026-01-09 08:28:21,580 [INFO] Progress saved: 908/933
2026-01-09 08:28:22,333 [INFO] Row 908: MAJOR_HALLUCINATION (HIGH) - HALLUCINATION
2026-01-09 08:28:22,711 [INFO] Row 909: MODERATE_HALLUCINATION (MEDIUM) - HALLUCINATION
2026-01-09 08:28:25,244 [INFO] Row 913: MAJOR_HALLUCINATION (HIGH) - HALLUCINATION
2026-01-09 08:28:25,316 [INFO] Row 911: MAJOR_HALLUCINATION (HIGH) - HALLUCINATION
2026-01-09 08:28:25,769 [INFO] Row 914: MAJOR_HALLUCINATION (HIGH) - HALLUCINATION
2026-01-09 08:28:26,610 [INFO] Row 910: MODERATE_HALLUCINATION (MEDIUM) - HALLUCINATION
2026-01-09 08:28:26,859 [INFO] Row 915: PASS (NONE) - PASS
2026-01-09 08:28:27,156 [INFO] Row 912: MODERATE_HALLUCINATION (MEDIUM) - HALLUCINATION
2026-01-09 08:28:28,004 [INFO] Row 916: MAJOR_HALLUCINATION (HIGH) - HALLUCINATION
2026-01-09 08:28:29,112 [INFO] Row 917: MODERATE_HALLUCINATION (MEDIUM) - HALLUCINATION
2026-01-09 08:28:29,278 [INFO] Progress saved: 918/933
2026-01-09 08:28:30,008 [INFO] Row 918: MODERATE_HALLUCINATION (MEDIUM) - HALLUCINATION
2026-01-09 08:28:30,551 [INFO] Row 919: MODERATE_HALLUCINATION (MEDIUM) - HALLUCINATION
2026-01-09 08:28:32,125 [INFO] Row 920: MAJOR_HALLUCINATION (HIGH) - HALLUCINATION
2026-01-09 08:28:32,657 [INFO] Row 921: MODERATE_HALLUCINATION (MEDIUM) - HALLUCINATION
2026-01-09 08:28:33,026 [INFO] Row 924: MAJOR_HALLUCINATION (HIGH) - HALLUCINATION
2026-01-09 08:28:34,047 [INFO] Row 923: MODERATE_HALLUCINATION (MEDIUM) - HALLUCINATION
2026-01-09 08:28:35,448 [INFO] Row 926: MODERATE_HALLUCINATION (MEDIUM) - HALLUCINATION
2026-01-09 08:28:35,983 [INFO] Row 930: PASS (NONE) - PASS
2026-01-09 08:28:37,921 [INFO] Row 927: MODERATE_HALLUCINATION (MEDIUM) - HALLUCINATION
2026-01-09 08:28:38,492 [INFO] Row 931: MAJOR_HALLUCINATION (HIGH) - HALLUCINATION
2026-01-09 08:28:38,694 [INFO] Progress saved: 928/933
2026-01-09 08:28:38,699 [INFO] Row 929: MAJOR_HALLUCINATION (HIGH) - HALLUCINATION
2026-01-09 08:28:39,539 [INFO] Row 932: MAJOR_HALLUCINATION (HIGH) - HALLUCINATION
2026-01-09 08:28:40,235 [INFO] Row 928: MODERATE_HALLUCINATION (MEDIUM) - HALLUCINATION
2026-01-09 08:28:45,030 [INFO] Row 922: MODERATE_HALLUCINATION (MEDIUM) - HALLUCINATION
2026-01-09 08:28:47,203 [INFO] Row 925: MODERATE_HALLUCINATION (MEDIUM) - HALLUCINATION
2026-01-09 08:28:47,446 [INFO] Progress saved: 933/933
2026-01-09 08:28:47,446 [INFO] 
STEP 5: Generating reports
2026-01-09 08:28:47,505 [INFO] Hallucination report saved to: hallucination_reports\HALLUCINATION_REPORT_20260109_082847.txt
2026-01-09 08:29:38,237 [INFO] STEP 1: Loading reference documentation
2026-01-09 08:29:38,238 [INFO] Loading documentation from: data/Openbank_extracted_text.txt
2026-01-09 08:29:38,239 [INFO] Documentation loaded: 11,927 chars (~2,981 tokens)
2026-01-09 08:29:38,239 [INFO] Documentation validation passed - found 5 security keywords
2026-01-09 08:29:38,240 [INFO] 
STEP 2: Loading input dataset
2026-01-09 08:29:38,280 [INFO] Loaded 933 rows from data/hallucinationQuestions_no400_all.csv
2026-01-09 08:29:38,281 [INFO] 
STEP 3: Preparing evaluation
2026-01-09 08:29:38,283 [INFO] Resuming from: data/hallucination_detection_results.csv
2026-01-09 08:29:38,352 [INFO] Total: 933, Completed: 933, Pending: 0
2026-01-09 08:29:38,353 [INFO] All answers already evaluated - Generating reports...
2026-01-09 08:29:38,384 [INFO] Hallucination report saved to: hallucination_reports\HALLUCINATION_REPORT_20260109_082938.txt
2026-01-09 08:29:39,320 [INFO] Excel report saved to: hallucination_reports\HALLUCINATION_REPORT_DETAILED_MP2_20260109_082938.xlsx
2026-01-09 08:39:30,320 [INFO] STEP 1: Loading reference documentation
2026-01-09 08:39:30,321 [INFO] Loading documentation from: data/Openbank_extracted_text.txt
2026-01-09 08:39:30,321 [INFO] Documentation loaded: 11,927 chars (~2,981 tokens)
2026-01-09 08:39:30,322 [INFO] Documentation validation passed - found 5 security keywords
2026-01-09 08:39:30,322 [INFO] 
STEP 2: Loading input dataset
2026-01-09 08:39:30,374 [INFO] Loaded 1453 rows from data/hallucinationQuestions_no400_all.csv
2026-01-09 08:39:30,378 [INFO] 
STEP 3: Preparing evaluation
2026-01-09 08:39:30,379 [INFO] Resuming from: data/hallucination_detection_results.csv
2026-01-09 08:39:30,454 [INFO] Total: 1453, Completed: 933, Pending: 520
2026-01-09 08:39:34,896 [INFO] 
STEP 4: Starting evaluation with 8 workers
2026-01-09 08:39:37,572 [INFO] Worker 16640 initialized with fresh token
2026-01-09 08:39:37,587 [WARNING] Could not load prompt file: [Errno 2] No such file or directory: 'src/hallucination_evaluation_prompt.txt', using default
2026-01-09 08:39:37,666 [INFO] Worker 25824 initialized with fresh token
2026-01-09 08:39:37,717 [WARNING] Could not load prompt file: [Errno 2] No such file or directory: 'src/hallucination_evaluation_prompt.txt', using default
2026-01-09 08:39:37,701 [INFO] Worker 8376 initialized with fresh token
2026-01-09 08:39:37,875 [WARNING] Could not load prompt file: [Errno 2] No such file or directory: 'src/hallucination_evaluation_prompt.txt', using default
2026-01-09 08:39:37,833 [INFO] Worker 9120 initialized with fresh token
2026-01-09 08:39:37,948 [WARNING] Could not load prompt file: [Errno 2] No such file or directory: 'src/hallucination_evaluation_prompt.txt', using default
2026-01-09 08:39:37,957 [INFO] Worker 26948 initialized with fresh token
2026-01-09 08:39:37,957 [INFO] Worker 23816 initialized with fresh token
2026-01-09 08:39:37,961 [WARNING] Could not load prompt file: [Errno 2] No such file or directory: 'src/hallucination_evaluation_prompt.txt', using default
2026-01-09 08:39:37,961 [WARNING] Could not load prompt file: [Errno 2] No such file or directory: 'src/hallucination_evaluation_prompt.txt', using default
2026-01-09 08:39:38,072 [INFO] Worker 12428 initialized with fresh token
2026-01-09 08:39:38,073 [WARNING] Could not load prompt file: [Errno 2] No such file or directory: 'src/hallucination_evaluation_prompt.txt', using default
2026-01-09 08:39:38,181 [INFO] Worker 528 initialized with fresh token
2026-01-09 08:39:38,182 [WARNING] Could not load prompt file: [Errno 2] No such file or directory: 'src/hallucination_evaluation_prompt.txt', using default
2026-01-09 08:39:43,303 [INFO] Row 940: SEVERE_HALLUCINATION (CRITICAL) - HALLUCINATION
2026-01-09 08:39:43,410 [INFO] Row 937: SEVERE_HALLUCINATION (CRITICAL) - HALLUCINATION
2026-01-09 08:39:44,087 [INFO] Row 939: SEVERE_HALLUCINATION (CRITICAL) - HALLUCINATION
2026-01-09 08:39:44,372 [INFO] Row 934: SEVERE_HALLUCINATION (CRITICAL) - HALLUCINATION
2026-01-09 08:39:44,465 [INFO] Row 938: SEVERE_HALLUCINATION (CRITICAL) - HALLUCINATION
2026-01-09 08:39:44,482 [INFO] Row 935: SEVERE_HALLUCINATION (CRITICAL) - HALLUCINATION
2026-01-09 08:39:50,384 [INFO] Worker 26568 initialized with fresh token
2026-01-09 08:39:50,581 [WARNING] Could not load prompt file: [Errno 2] No such file or directory: 'src/hallucination_evaluation_prompt.txt', using default
2026-01-09 08:39:51,269 [INFO] Worker 13804 initialized with fresh token
2026-01-09 08:39:52,120 [WARNING] Could not load prompt file: [Errno 2] No such file or directory: 'src/hallucination_evaluation_prompt.txt', using default
2026-01-09 08:39:52,777 [INFO] Worker 21516 initialized with fresh token
2026-01-09 08:39:52,817 [WARNING] Could not load prompt file: [Errno 2] No such file or directory: 'src/hallucination_evaluation_prompt.txt', using default
2026-01-09 08:39:52,918 [INFO] Worker 15060 initialized with fresh token
2026-01-09 08:39:52,927 [WARNING] Could not load prompt file: [Errno 2] No such file or directory: 'src/hallucination_evaluation_prompt.txt', using default
2026-01-09 08:39:53,516 [INFO] Worker 9916 initialized with fresh token
2026-01-09 08:39:53,518 [WARNING] Could not load prompt file: [Errno 2] No such file or directory: 'src/hallucination_evaluation_prompt.txt', using default
2026-01-09 08:39:54,040 [INFO] Worker 13364 initialized with fresh token
2026-01-09 08:39:54,041 [WARNING] Could not load prompt file: [Errno 2] No such file or directory: 'src/hallucination_evaluation_prompt.txt', using default
2026-01-09 08:39:54,237 [INFO] Worker 25048 initialized with fresh token
2026-01-09 08:39:54,238 [WARNING] Could not load prompt file: [Errno 2] No such file or directory: 'src/hallucination_evaluation_prompt.txt', using default
2026-01-09 08:39:54,576 [INFO] Worker 19236 initialized with fresh token
2026-01-09 08:39:54,577 [WARNING] Could not load prompt file: [Errno 2] No such file or directory: 'src/hallucination_evaluation_prompt.txt', using default
2026-01-09 08:39:55,750 [WARNING] 
Interrupted - saving progress...
2026-01-09 08:39:55,906 [INFO] Progress saved: 939/1453
2026-01-09 08:41:10,746 [INFO] STEP 1: Loading reference documentation
2026-01-09 08:41:10,746 [INFO] Loading documentation from: data/Openbank_extracted_text.txt
2026-01-09 08:41:10,747 [INFO] Documentation loaded: 11,927 chars (~2,981 tokens)
2026-01-09 08:41:10,747 [INFO] Documentation validation passed - found 5 security keywords
2026-01-09 08:41:10,747 [INFO] 
STEP 2: Loading input dataset
2026-01-09 08:41:10,787 [INFO] Loaded 1453 rows from data/hallucinationQuestions_no400_all.csv
2026-01-09 08:41:10,789 [INFO] 
STEP 3: Preparing evaluation
2026-01-09 08:41:10,791 [INFO] Resuming from: data/hallucination_detection_results.csv
2026-01-09 08:41:10,862 [INFO] Total: 1453, Completed: 939, Pending: 514
2026-01-09 08:41:15,048 [INFO] 
STEP 4: Starting evaluation with 8 workers
2026-01-09 08:41:17,489 [INFO] Worker 20064 initialized with fresh token
2026-01-09 08:41:17,520 [WARNING] Prompt file missing placeholders: ['{documentation}', '{response}', '{context}'], using default
2026-01-09 08:41:17,529 [INFO] Worker 24128 initialized with fresh token
2026-01-09 08:41:17,528 [INFO] Worker 24560 initialized with fresh token
2026-01-09 08:41:17,568 [WARNING] Prompt file missing placeholders: ['{documentation}', '{response}', '{context}'], using default
2026-01-09 08:41:17,603 [WARNING] Prompt file missing placeholders: ['{documentation}', '{response}', '{context}'], using default
2026-01-09 08:41:17,685 [INFO] Worker 25548 initialized with fresh token
2026-01-09 08:41:17,731 [WARNING] Prompt file missing placeholders: ['{documentation}', '{response}', '{context}'], using default
2026-01-09 08:41:17,922 [INFO] Worker 14988 initialized with fresh token
2026-01-09 08:41:17,927 [WARNING] Prompt file missing placeholders: ['{documentation}', '{response}', '{context}'], using default
2026-01-09 08:41:18,268 [INFO] Worker 19300 initialized with fresh token
2026-01-09 08:41:18,271 [WARNING] Prompt file missing placeholders: ['{documentation}', '{response}', '{context}'], using default
2026-01-09 08:41:18,318 [INFO] Worker 12556 initialized with fresh token
2026-01-09 08:41:18,324 [WARNING] Prompt file missing placeholders: ['{documentation}', '{response}', '{context}'], using default
2026-01-09 08:41:18,427 [INFO] Worker 24212 initialized with fresh token
2026-01-09 08:41:18,428 [WARNING] Prompt file missing placeholders: ['{documentation}', '{response}', '{context}'], using default
2026-01-09 08:41:21,031 [INFO] Row 941: PASS (NONE) - PASS
2026-01-09 08:41:21,600 [INFO] Row 942: PASS (NONE) - PASS
2026-01-09 08:41:22,129 [INFO] Row 933: SEVERE_HALLUCINATION (CRITICAL) - HALLUCINATION
2026-01-09 08:41:22,316 [INFO] Row 936: SEVERE_HALLUCINATION (CRITICAL) - HALLUCINATION
2026-01-09 08:41:22,330 [INFO] Row 943: SEVERE_HALLUCINATION (CRITICAL) - HALLUCINATION
2026-01-09 08:41:22,638 [INFO] Row 944: SEVERE_HALLUCINATION (CRITICAL) - HALLUCINATION
2026-01-09 08:41:23,063 [INFO] Row 946: PASS (NONE) - PASS
2026-01-09 08:41:23,259 [INFO] Row 945: SEVERE_HALLUCINATION (CRITICAL) - HALLUCINATION
2026-01-09 08:41:24,595 [INFO] Row 947: PASS (NONE) - PASS
2026-01-09 08:41:25,040 [INFO] Row 948: PASS (NONE) - PASS
2026-01-09 08:41:25,225 [INFO] Progress saved: 949/1453
2026-01-09 08:41:26,346 [INFO] Row 950: MINOR_HALLUCINATION (LOW) - HALLUCINATION
2026-01-09 08:41:27,012 [INFO] Row 953: SEVERE_HALLUCINATION (CRITICAL) - HALLUCINATION
2026-01-09 08:41:27,144 [INFO] Row 951: MINOR_HALLUCINATION (LOW) - HALLUCINATION
2026-01-09 08:41:27,355 [INFO] Row 949: SEVERE_HALLUCINATION (CRITICAL) - HALLUCINATION
2026-01-09 08:41:27,483 [INFO] Row 952: SEVERE_HALLUCINATION (CRITICAL) - HALLUCINATION
2026-01-09 08:41:27,730 [INFO] Row 954: SEVERE_HALLUCINATION (CRITICAL) - HALLUCINATION
2026-01-09 08:41:28,686 [INFO] Row 955: SEVERE_HALLUCINATION (CRITICAL) - HALLUCINATION
2026-01-09 08:41:28,958 [INFO] Row 956: SEVERE_HALLUCINATION (CRITICAL) - HALLUCINATION
2026-01-09 08:41:30,321 [INFO] Row 957: SEVERE_HALLUCINATION (CRITICAL) - HALLUCINATION
2026-01-09 08:41:30,743 [INFO] Row 958: SEVERE_HALLUCINATION (CRITICAL) - HALLUCINATION
2026-01-09 08:41:31,027 [INFO] Progress saved: 959/1453
2026-01-09 08:41:31,028 [INFO] Row 959: SEVERE_HALLUCINATION (CRITICAL) - HALLUCINATION
2026-01-09 08:41:31,931 [INFO] Row 960: SEVERE_HALLUCINATION (CRITICAL) - HALLUCINATION
2026-01-09 08:41:32,004 [INFO] Row 962: SEVERE_HALLUCINATION (CRITICAL) - HALLUCINATION
2026-01-09 08:41:32,209 [INFO] Row 961: SEVERE_HALLUCINATION (CRITICAL) - HALLUCINATION
2026-01-09 08:41:33,433 [INFO] Row 963: SEVERE_HALLUCINATION (CRITICAL) - HALLUCINATION
2026-01-09 08:41:33,567 [INFO] Row 964: SEVERE_HALLUCINATION (CRITICAL) - HALLUCINATION
2026-01-09 08:41:34,334 [INFO] Row 965: SEVERE_HALLUCINATION (CRITICAL) - HALLUCINATION
2026-01-09 08:41:35,896 [INFO] Row 967: SEVERE_HALLUCINATION (CRITICAL) - HALLUCINATION
2026-01-09 08:41:36,241 [INFO] Row 968: PASS (NONE) - PASS
2026-01-09 08:41:36,357 [INFO] Row 966: MODERATE_HALLUCINATION (MEDIUM) - HALLUCINATION
2026-01-09 08:41:36,495 [INFO] Progress saved: 969/1453
2026-01-09 08:41:37,046 [INFO] Row 970: PASS (NONE) - PASS
2026-01-09 08:41:37,963 [INFO] Row 971: SEVERE_HALLUCINATION (CRITICAL) - HALLUCINATION
2026-01-09 08:41:38,263 [INFO] Row 972: MINOR_HALLUCINATION (LOW) - HALLUCINATION
2026-01-09 08:41:40,353 [INFO] Row 976: SEVERE_HALLUCINATION (CRITICAL) - HALLUCINATION
2026-01-09 08:41:40,391 [INFO] Row 973: SEVERE_HALLUCINATION (CRITICAL) - HALLUCINATION
2026-01-09 08:41:40,639 [INFO] Row 974: MAJOR_HALLUCINATION (HIGH) - HALLUCINATION
2026-01-09 08:41:40,985 [INFO] Row 975: SEVERE_HALLUCINATION (CRITICAL) - HALLUCINATION
2026-01-09 08:41:41,259 [INFO] Row 969: MAJOR_HALLUCINATION (HIGH) - HALLUCINATION
2026-01-09 08:41:41,907 [INFO] Row 977: MAJOR_HALLUCINATION (HIGH) - HALLUCINATION
2026-01-09 08:41:42,588 [INFO] Row 978: MODERATE_HALLUCINATION (MEDIUM) - HALLUCINATION
2026-01-09 08:41:42,821 [INFO] Progress saved: 979/1453
2026-01-09 08:41:43,164 [INFO] Row 979: MODERATE_HALLUCINATION (MEDIUM) - HALLUCINATION
2026-01-09 08:41:43,910 [INFO] Row 980: PASS (NONE) - PASS
2026-01-09 08:41:45,010 [INFO] Row 984: SEVERE_HALLUCINATION (CRITICAL) - HALLUCINATION
2026-01-09 08:41:45,071 [INFO] Row 982: MAJOR_HALLUCINATION (HIGH) - HALLUCINATION
2026-01-09 08:41:45,650 [INFO] Row 983: MAJOR_HALLUCINATION (HIGH) - HALLUCINATION
2026-01-09 08:41:46,590 [INFO] Row 986: SEVERE_HALLUCINATION (CRITICAL) - HALLUCINATION
2026-01-09 08:41:47,707 [INFO] Row 987: SEVERE_HALLUCINATION (CRITICAL) - HALLUCINATION
2026-01-09 08:41:48,206 [INFO] Row 988: SEVERE_HALLUCINATION (CRITICAL) - HALLUCINATION
2026-01-09 08:41:48,943 [INFO] Row 990: PASS (NONE) - PASS
2026-01-09 08:41:51,674 [INFO] Row 989: SEVERE_HALLUCINATION (CRITICAL) - HALLUCINATION
2026-01-09 08:41:51,962 [INFO] Progress saved: 989/1453
2026-01-09 08:41:51,962 [INFO] Row 981: SEVERE_HALLUCINATION (CRITICAL) - HALLUCINATION
2026-01-09 08:41:51,967 [INFO] Row 993: PASS (NONE) - PASS
2026-01-09 08:41:51,973 [INFO] Row 985: SEVERE_HALLUCINATION (CRITICAL) - HALLUCINATION
2026-01-09 08:41:52,172 [INFO] Row 992: SEVERE_HALLUCINATION (CRITICAL) - HALLUCINATION
2026-01-09 08:41:53,858 [INFO] Row 995: PASS (NONE) - PASS
2026-01-09 08:41:54,172 [INFO] Row 994: MAJOR_HALLUCINATION (HIGH) - HALLUCINATION
2026-01-09 08:41:55,572 [INFO] Row 996: PASS (NONE) - PASS
2026-01-09 08:41:57,088 [INFO] Row 998: SEVERE_HALLUCINATION (CRITICAL) - HALLUCINATION
2026-01-09 08:41:57,164 [INFO] Row 999: PASS (NONE) - PASS
2026-01-09 08:41:57,822 [INFO] Row 1000: PASS (NONE) - PASS
2026-01-09 08:41:58,020 [INFO] Progress saved: 999/1453
2026-01-09 08:41:58,088 [INFO] Row 1001: PASS (NONE) - PASS
2026-01-09 08:41:58,314 [INFO] Row 991: SEVERE_HALLUCINATION (CRITICAL) - HALLUCINATION
2026-01-09 08:41:58,379 [INFO] Row 1002: PASS (NONE) - PASS
2026-01-09 08:41:59,282 [INFO] Row 1003: PASS (NONE) - PASS
2026-01-09 08:42:00,843 [INFO] Row 1004: PASS (NONE) - PASS
2026-01-09 08:42:01,843 [INFO] Row 1007: PASS (NONE) - PASS
2026-01-09 08:42:01,984 [INFO] Row 1006: PASS (NONE) - PASS
2026-01-09 08:42:02,478 [INFO] Row 1009: MINOR_HALLUCINATION (LOW) - HALLUCINATION
2026-01-09 08:42:02,541 [INFO] Row 1010: PASS (NONE) - PASS
2026-01-09 08:42:02,951 [INFO] Row 997: PASS (NONE) - PASS
2026-01-09 08:42:03,156 [INFO] Progress saved: 1009/1453
2026-01-09 08:42:03,579 [INFO] Row 1005: PASS (NONE) - PASS
2026-01-09 08:42:03,920 [INFO] Row 1008: SEVERE_HALLUCINATION (CRITICAL) - HALLUCINATION
2026-01-09 08:42:05,608 [INFO] Row 1011: MODERATE_HALLUCINATION (MEDIUM) - HALLUCINATION
2026-01-09 08:42:06,233 [INFO] Row 1012: SEVERE_HALLUCINATION (CRITICAL) - HALLUCINATION
2026-01-09 08:42:06,798 [INFO] Row 1016: PASS (NONE) - PASS
2026-01-09 08:42:06,886 [INFO] Row 1013: MODERATE_HALLUCINATION (MEDIUM) - HALLUCINATION
2026-01-09 08:42:06,995 [INFO] Row 1017: PASS (NONE) - PASS
2026-01-09 08:42:08,160 [INFO] Row 1014: MODERATE_HALLUCINATION (MEDIUM) - HALLUCINATION
2026-01-09 08:42:08,197 [INFO] Row 1018: MODERATE_HALLUCINATION (MEDIUM) - HALLUCINATION
2026-01-09 08:42:08,358 [INFO] Row 1015: MODERATE_HALLUCINATION (MEDIUM) - HALLUCINATION
2026-01-09 08:42:08,562 [INFO] Progress saved: 1019/1453
2026-01-09 08:42:10,752 [INFO] Row 1022: PASS (NONE) - PASS
2026-01-09 08:42:12,191 [INFO] Row 1025: SEVERE_HALLUCINATION (CRITICAL) - HALLUCINATION
2026-01-09 08:42:12,514 [INFO] Row 1026: SEVERE_HALLUCINATION (CRITICAL) - HALLUCINATION
2026-01-09 08:42:13,917 [INFO] Row 1024: MODERATE_HALLUCINATION (MEDIUM) - HALLUCINATION
2026-01-09 08:42:13,977 [INFO] Row 1021: SEVERE_HALLUCINATION (CRITICAL) - HALLUCINATION
2026-01-09 08:42:14,066 [INFO] Row 1023: MAJOR_HALLUCINATION (HIGH) - HALLUCINATION
2026-01-09 08:42:14,182 [INFO] Row 1020: PASS (NONE) - PASS
2026-01-09 08:42:15,721 [INFO] Row 1027: SEVERE_HALLUCINATION (CRITICAL) - HALLUCINATION
2026-01-09 08:42:17,577 [INFO] Row 1028: SEVERE_HALLUCINATION (CRITICAL) - HALLUCINATION
2026-01-09 08:42:19,537 [INFO] Row 1030: SEVERE_HALLUCINATION (CRITICAL) - HALLUCINATION
2026-01-09 08:42:19,821 [INFO] Progress saved: 1029/1453
2026-01-09 08:42:19,822 [INFO] Row 1029: MODERATE_HALLUCINATION (MEDIUM) - HALLUCINATION
2026-01-09 08:42:19,937 [INFO] Row 1032: MINOR_HALLUCINATION (LOW) - HALLUCINATION
2026-01-09 08:42:20,310 [INFO] Row 1019: PASS (NONE) - PASS
2026-01-09 08:42:20,410 [INFO] Row 1033: MODERATE_HALLUCINATION (MEDIUM) - HALLUCINATION
2026-01-09 08:42:21,522 [INFO] Row 1035: SEVERE_HALLUCINATION (CRITICAL) - HALLUCINATION
2026-01-09 08:42:21,731 [INFO] Row 1034: MODERATE_HALLUCINATION (MEDIUM) - HALLUCINATION
2026-01-09 08:42:23,557 [INFO] Row 1031: MODERATE_HALLUCINATION (MEDIUM) - HALLUCINATION
2026-01-09 08:42:24,023 [INFO] Row 1036: MODERATE_HALLUCINATION (MEDIUM) - HALLUCINATION
2026-01-09 08:42:24,179 [INFO] Row 1038: MODERATE_HALLUCINATION (MEDIUM) - HALLUCINATION
2026-01-09 08:42:24,623 [INFO] Row 1037: MODERATE_HALLUCINATION (MEDIUM) - HALLUCINATION
2026-01-09 08:42:24,809 [INFO] Progress saved: 1039/1453
2026-01-09 08:42:25,049 [INFO] Row 1039: MODERATE_HALLUCINATION (MEDIUM) - HALLUCINATION
2026-01-09 08:42:25,240 [INFO] Row 1040: PASS (NONE) - PASS
2026-01-09 08:42:25,872 [INFO] Row 1042: MODERATE_HALLUCINATION (MEDIUM) - HALLUCINATION
2026-01-09 08:42:27,025 [INFO] Row 1041: SEVERE_HALLUCINATION (CRITICAL) - HALLUCINATION
2026-01-09 08:42:28,166 [INFO] Row 1044: PASS (NONE) - PASS
2026-01-09 08:42:28,720 [INFO] Row 1045: PASS (NONE) - PASS
2026-01-09 08:42:29,494 [INFO] Row 1048: PASS (NONE) - PASS
2026-01-09 08:42:29,662 [INFO] Row 1046: SEVERE_HALLUCINATION (CRITICAL) - HALLUCINATION
2026-01-09 08:42:30,860 [INFO] Row 1049: MINOR_HALLUCINATION (LOW) - HALLUCINATION
2026-01-09 08:42:31,609 [INFO] Row 1050: PASS (NONE) - PASS
2026-01-09 08:42:31,797 [INFO] Progress saved: 1049/1453
2026-01-09 08:42:32,793 [INFO] Row 1051: SEVERE_HALLUCINATION (CRITICAL) - HALLUCINATION
2026-01-09 08:42:32,795 [INFO] Row 1052: PASS (NONE) - PASS
2026-01-09 08:42:33,657 [INFO] Row 1053: PASS (NONE) - PASS
2026-01-09 08:42:34,016 [INFO] Row 1054: SEVERE_HALLUCINATION (CRITICAL) - HALLUCINATION
2026-01-09 08:42:35,366 [INFO] Row 1055: SEVERE_HALLUCINATION (CRITICAL) - HALLUCINATION
2026-01-09 08:42:35,589 [INFO] Row 1043: SEVERE_HALLUCINATION (CRITICAL) - HALLUCINATION
2026-01-09 08:42:35,785 [INFO] Row 1047: PASS (NONE) - PASS
2026-01-09 08:42:37,418 [INFO] Row 1058: MODERATE_HALLUCINATION (MEDIUM) - HALLUCINATION
2026-01-09 08:42:38,602 [INFO] Row 1057: MODERATE_HALLUCINATION (MEDIUM) - HALLUCINATION
2026-01-09 08:42:38,711 [INFO] Row 1060: MODERATE_HALLUCINATION (MEDIUM) - HALLUCINATION
2026-01-09 08:42:38,975 [INFO] Progress saved: 1059/1453
2026-01-09 08:42:38,976 [INFO] Row 1059: MAJOR_HALLUCINATION (HIGH) - HALLUCINATION
2026-01-09 08:42:39,016 [INFO] Row 1061: SEVERE_HALLUCINATION (CRITICAL) - HALLUCINATION
2026-01-09 08:42:39,923 [INFO] Row 1063: PASS (NONE) - PASS
2026-01-09 08:42:40,539 [INFO] Row 1062: MODERATE_HALLUCINATION (MEDIUM) - HALLUCINATION
2026-01-09 08:42:41,668 [INFO] Row 1064: MODERATE_HALLUCINATION (MEDIUM) - HALLUCINATION
2026-01-09 08:42:42,733 [INFO] Row 1066: MODERATE_HALLUCINATION (MEDIUM) - HALLUCINATION
2026-01-09 08:42:43,075 [INFO] Row 1067: PASS (NONE) - PASS
2026-01-09 08:42:43,242 [INFO] Row 1065: MODERATE_HALLUCINATION (MEDIUM) - HALLUCINATION
2026-01-09 08:42:44,309 [INFO] Row 1069: MODERATE_HALLUCINATION (MEDIUM) - HALLUCINATION
2026-01-09 08:42:44,385 [INFO] Row 1056: PASS (NONE) - PASS
2026-01-09 08:42:44,589 [INFO] Progress saved: 1069/1453
2026-01-09 08:42:46,188 [INFO] Row 1070: MODERATE_HALLUCINATION (MEDIUM) - HALLUCINATION
2026-01-09 08:42:46,722 [INFO] Row 1071: MAJOR_HALLUCINATION (HIGH) - HALLUCINATION
2026-01-09 08:42:46,787 [INFO] Row 1073: MODERATE_HALLUCINATION (MEDIUM) - HALLUCINATION
2026-01-09 08:42:47,602 [INFO] Row 1074: MAJOR_HALLUCINATION (HIGH) - HALLUCINATION
2026-01-09 08:42:47,783 [INFO] Row 1072: MODERATE_HALLUCINATION (MEDIUM) - HALLUCINATION
2026-01-09 08:42:48,173 [INFO] Row 1076: MODERATE_HALLUCINATION (MEDIUM) - HALLUCINATION
2026-01-09 08:42:49,074 [INFO] Row 1075: MODERATE_HALLUCINATION (MEDIUM) - HALLUCINATION
2026-01-09 08:42:49,142 [INFO] Row 1068: PASS (NONE) - PASS
2026-01-09 08:42:50,746 [INFO] Row 1079: MODERATE_HALLUCINATION (MEDIUM) - HALLUCINATION
2026-01-09 08:42:50,916 [INFO] Row 1078: PASS (NONE) - PASS
2026-01-09 08:42:51,102 [INFO] Progress saved: 1079/1453
2026-01-09 08:42:51,411 [INFO] Row 1080: MODERATE_HALLUCINATION (MEDIUM) - HALLUCINATION
2026-01-09 08:42:51,488 [INFO] Row 1077: MAJOR_HALLUCINATION (HIGH) - HALLUCINATION
2026-01-09 08:42:51,978 [INFO] Row 1081: MODERATE_HALLUCINATION (MEDIUM) - HALLUCINATION
2026-01-09 08:42:53,418 [INFO] Row 1084: MAJOR_HALLUCINATION (HIGH) - HALLUCINATION
2026-01-09 08:42:54,925 [INFO] Row 1087: PASS (NONE) - PASS
2026-01-09 08:42:56,129 [INFO] Row 1089: MAJOR_HALLUCINATION (HIGH) - HALLUCINATION
2026-01-09 08:42:56,188 [INFO] Row 1086: MODERATE_HALLUCINATION (MEDIUM) - HALLUCINATION
2026-01-09 08:42:56,267 [INFO] Row 1085: MAJOR_HALLUCINATION (HIGH) - HALLUCINATION
2026-01-09 08:42:56,770 [INFO] Row 1090: PASS (NONE) - PASS
2026-01-09 08:42:59,363 [INFO] Row 1091: PASS (NONE) - PASS
2026-01-09 08:42:59,568 [INFO] Progress saved: 1089/1453
2026-01-09 08:43:00,354 [INFO] Row 1088: PASS (NONE) - PASS
2026-01-09 08:43:00,628 [INFO] Row 1093: MINOR_HALLUCINATION (LOW) - HALLUCINATION
2026-01-09 08:43:01,247 [INFO] Row 1094: PASS (NONE) - PASS
2026-01-09 08:43:01,309 [INFO] Row 1082: MAJOR_HALLUCINATION (HIGH) - HALLUCINATION
2026-01-09 08:43:01,898 [INFO] Row 1083: MAJOR_HALLUCINATION (HIGH) - HALLUCINATION
2026-01-09 08:43:02,059 [INFO] Row 1095: MINOR_HALLUCINATION (LOW) - HALLUCINATION
2026-01-09 08:43:03,748 [INFO] Row 1097: PASS (NONE) - PASS
2026-01-09 08:43:04,463 [INFO] Row 1098: SEVERE_HALLUCINATION (CRITICAL) - HALLUCINATION
2026-01-09 08:43:04,527 [INFO] Row 1096: SEVERE_HALLUCINATION (CRITICAL) - HALLUCINATION
2026-01-09 08:43:05,255 [INFO] Row 1100: SEVERE_HALLUCINATION (CRITICAL) - HALLUCINATION
2026-01-09 08:43:05,568 [INFO] Progress saved: 1099/1453
2026-01-09 08:43:05,570 [INFO] Row 1099: SEVERE_HALLUCINATION (CRITICAL) - HALLUCINATION
2026-01-09 08:43:05,858 [INFO] Row 1101: SEVERE_HALLUCINATION (CRITICAL) - HALLUCINATION
2026-01-09 08:43:06,359 [INFO] Row 1102: MODERATE_HALLUCINATION (MEDIUM) - HALLUCINATION
2026-01-09 08:43:07,671 [INFO] Row 1104: PASS (NONE) - PASS
2026-01-09 08:43:08,093 [INFO] Row 1103: SEVERE_HALLUCINATION (CRITICAL) - HALLUCINATION
2026-01-09 08:43:08,948 [INFO] Row 1105: MODERATE_HALLUCINATION (MEDIUM) - HALLUCINATION
2026-01-09 08:43:10,050 [INFO] Row 1106: MODERATE_HALLUCINATION (MEDIUM) - HALLUCINATION
2026-01-09 08:43:10,496 [INFO] Row 1108: MODERATE_HALLUCINATION (MEDIUM) - HALLUCINATION
2026-01-09 08:43:10,804 [INFO] Row 1109: SEVERE_HALLUCINATION (CRITICAL) - HALLUCINATION
2026-01-09 08:43:10,999 [INFO] Row 1092: PASS (NONE) - PASS
2026-01-09 08:43:11,150 [INFO] Progress saved: 1109/1453
2026-01-09 08:43:11,836 [INFO] Row 1110: SEVERE_HALLUCINATION (CRITICAL) - HALLUCINATION
2026-01-09 08:43:13,171 [INFO] Row 1112: SEVERE_HALLUCINATION (CRITICAL) - HALLUCINATION
2026-01-09 08:43:13,512 [INFO] Row 1111: MAJOR_HALLUCINATION (HIGH) - HALLUCINATION
2026-01-09 08:43:14,384 [INFO] Row 1114: SEVERE_HALLUCINATION (CRITICAL) - HALLUCINATION
2026-01-09 08:43:14,391 [INFO] Row 1115: PASS (NONE) - PASS
2026-01-09 08:43:14,986 [INFO] Row 1113: PASS (NONE) - PASS
2026-01-09 08:43:15,878 [INFO] Row 1107: PASS (NONE) - PASS
2026-01-09 08:43:15,949 [INFO] Row 1116: MINOR_HALLUCINATION (LOW) - HALLUCINATION
2026-01-09 08:43:17,045 [INFO] Row 1117: MODERATE_HALLUCINATION (MEDIUM) - HALLUCINATION
2026-01-09 08:43:17,305 [INFO] Row 1118: SEVERE_HALLUCINATION (CRITICAL) - HALLUCINATION
2026-01-09 08:43:17,514 [INFO] Progress saved: 1119/1453
2026-01-09 08:43:17,515 [INFO] Row 1119: MINOR_HALLUCINATION (LOW) - HALLUCINATION
2026-01-09 08:43:18,598 [INFO] Row 1120: SEVERE_HALLUCINATION (CRITICAL) - HALLUCINATION
2026-01-09 08:43:18,721 [INFO] Row 1121: SEVERE_HALLUCINATION (CRITICAL) - HALLUCINATION
2026-01-09 08:43:19,209 [INFO] Row 1122: SEVERE_HALLUCINATION (CRITICAL) - HALLUCINATION
2026-01-09 08:43:20,716 [INFO] Row 1124: MODERATE_HALLUCINATION (MEDIUM) - HALLUCINATION
2026-01-09 08:43:20,886 [INFO] Row 1123: MAJOR_HALLUCINATION (HIGH) - HALLUCINATION
2026-01-09 08:43:21,746 [INFO] Row 1127: SEVERE_HALLUCINATION (CRITICAL) - HALLUCINATION
2026-01-09 08:43:22,001 [INFO] Row 1126: MODERATE_HALLUCINATION (MEDIUM) - HALLUCINATION
2026-01-09 08:43:22,960 [INFO] Row 1128: SEVERE_HALLUCINATION (CRITICAL) - HALLUCINATION
2026-01-09 08:43:23,523 [INFO] Row 1129: MODERATE_HALLUCINATION (MEDIUM) - HALLUCINATION
2026-01-09 08:43:23,663 [INFO] Progress saved: 1129/1453
2026-01-09 08:43:23,668 [INFO] Row 1130: SEVERE_HALLUCINATION (CRITICAL) - HALLUCINATION
2026-01-09 08:43:25,324 [INFO] Row 1132: MODERATE_HALLUCINATION (MEDIUM) - HALLUCINATION
2026-01-09 08:43:26,375 [INFO] Row 1134: PASS (NONE) - PASS
2026-01-09 08:43:27,279 [INFO] Row 1135: MODERATE_HALLUCINATION (MEDIUM) - HALLUCINATION
2026-01-09 08:43:28,162 [INFO] Row 1136: MODERATE_HALLUCINATION (MEDIUM) - HALLUCINATION
2026-01-09 08:43:28,347 [INFO] Row 1137: PASS (NONE) - PASS
2026-01-09 08:43:29,111 [INFO] Row 1125: MAJOR_HALLUCINATION (HIGH) - HALLUCINATION
2026-01-09 08:43:29,571 [INFO] Row 1133: MODERATE_HALLUCINATION (MEDIUM) - HALLUCINATION
2026-01-09 08:43:31,229 [INFO] Row 1138: MAJOR_HALLUCINATION (HIGH) - HALLUCINATION
2026-01-09 08:43:31,393 [INFO] Row 1139: MAJOR_HALLUCINATION (HIGH) - HALLUCINATION
2026-01-09 08:43:31,648 [INFO] Progress saved: 1139/1453
2026-01-09 08:43:31,715 [INFO] Row 1140: PASS (NONE) - PASS
2026-01-09 08:43:33,356 [INFO] Row 1144: PASS (NONE) - PASS
2026-01-09 08:43:33,736 [INFO] Row 1142: MODERATE_HALLUCINATION (MEDIUM) - HALLUCINATION
2026-01-09 08:43:34,116 [INFO] Row 1143: MODERATE_HALLUCINATION (MEDIUM) - HALLUCINATION
2026-01-09 08:43:35,192 [INFO] Row 1146: PASS (NONE) - PASS
2026-01-09 08:43:35,713 [INFO] Row 1145: PASS (NONE) - PASS
2026-01-09 08:43:35,839 [INFO] Row 1147: SEVERE_HALLUCINATION (CRITICAL) - HALLUCINATION
2026-01-09 08:43:36,197 [INFO] Row 1131: PASS (NONE) - PASS
2026-01-09 08:43:37,470 [INFO] Row 1148: SEVERE_HALLUCINATION (CRITICAL) - HALLUCINATION
2026-01-09 08:43:38,684 [INFO] Row 1150: SEVERE_HALLUCINATION (CRITICAL) - HALLUCINATION
2026-01-09 08:43:38,835 [INFO] Progress saved: 1149/1453
2026-01-09 08:43:39,562 [INFO] Row 1152: SEVERE_HALLUCINATION (CRITICAL) - HALLUCINATION
2026-01-09 08:43:40,003 [INFO] Row 1154: SEVERE_HALLUCINATION (CRITICAL) - HALLUCINATION
2026-01-09 08:43:41,898 [INFO] Row 1155: SEVERE_HALLUCINATION (CRITICAL) - HALLUCINATION
2026-01-09 08:43:42,142 [INFO] Row 1149: SEVERE_HALLUCINATION (CRITICAL) - HALLUCINATION
2026-01-09 08:43:42,808 [INFO] Row 1156: SEVERE_HALLUCINATION (CRITICAL) - HALLUCINATION
2026-01-09 08:43:44,339 [INFO] Row 1157: SEVERE_HALLUCINATION (CRITICAL) - HALLUCINATION
2026-01-09 08:43:44,808 [INFO] Row 1158: SEVERE_HALLUCINATION (CRITICAL) - HALLUCINATION
2026-01-09 08:43:46,420 [INFO] Row 1153: SEVERE_HALLUCINATION (CRITICAL) - HALLUCINATION
2026-01-09 08:43:46,496 [INFO] Row 1159: SEVERE_HALLUCINATION (CRITICAL) - HALLUCINATION
2026-01-09 08:43:46,709 [INFO] Row 1160: SEVERE_HALLUCINATION (CRITICAL) - HALLUCINATION
2026-01-09 08:43:46,896 [INFO] Progress saved: 1159/1453
2026-01-09 08:43:49,188 [INFO] Row 1162: SEVERE_HALLUCINATION (CRITICAL) - HALLUCINATION
2026-01-09 08:43:49,634 [INFO] Row 1163: SEVERE_HALLUCINATION (CRITICAL) - HALLUCINATION
2026-01-09 08:43:50,282 [INFO] Row 1161: SEVERE_HALLUCINATION (CRITICAL) - HALLUCINATION
2026-01-09 08:43:50,760 [INFO] Row 1164: SEVERE_HALLUCINATION (CRITICAL) - HALLUCINATION
2026-01-09 08:43:51,579 [INFO] Row 1165: SEVERE_HALLUCINATION (CRITICAL) - HALLUCINATION
2026-01-09 08:43:51,997 [INFO] Row 1166: SEVERE_HALLUCINATION (CRITICAL) - HALLUCINATION
2026-01-09 08:43:53,195 [INFO] Row 1167: SEVERE_HALLUCINATION (CRITICAL) - HALLUCINATION
2026-01-09 08:43:53,459 [INFO] Row 1141: SEVERE_HALLUCINATION (CRITICAL) - HALLUCINATION
2026-01-09 08:43:53,949 [INFO] Row 1151: SEVERE_HALLUCINATION (CRITICAL) - HALLUCINATION
2026-01-09 08:43:54,935 [INFO] Row 1168: SEVERE_HALLUCINATION (CRITICAL) - HALLUCINATION
2026-01-09 08:43:55,120 [INFO] Progress saved: 1169/1453
2026-01-09 08:43:55,935 [INFO] Row 1170: SEVERE_HALLUCINATION (CRITICAL) - HALLUCINATION
2026-01-09 08:43:55,938 [INFO] Row 1169: SEVERE_HALLUCINATION (CRITICAL) - HALLUCINATION
2026-01-09 08:43:56,365 [INFO] Row 1172: PASS (NONE) - PASS
2026-01-09 08:43:56,538 [INFO] Row 1171: SEVERE_HALLUCINATION (CRITICAL) - HALLUCINATION
2026-01-09 08:43:57,182 [INFO] Row 1173: SEVERE_HALLUCINATION (CRITICAL) - HALLUCINATION
2026-01-09 08:43:58,883 [INFO] Row 1174: MODERATE_HALLUCINATION (MEDIUM) - HALLUCINATION
2026-01-09 08:44:00,954 [INFO] Row 1181: PASS (NONE) - PASS
2026-01-09 08:44:01,658 [INFO] Row 1176: MODERATE_HALLUCINATION (MEDIUM) - HALLUCINATION
2026-01-09 08:44:02,023 [INFO] Row 1180: PASS (NONE) - PASS
2026-01-09 08:44:02,217 [INFO] Row 1179: PASS (NONE) - PASS
2026-01-09 08:44:02,404 [INFO] Progress saved: 1179/1453
2026-01-09 08:44:02,405 [INFO] Row 1177: MODERATE_HALLUCINATION (MEDIUM) - HALLUCINATION
2026-01-09 08:44:02,966 [INFO] Row 1178: SEVERE_HALLUCINATION (CRITICAL) - HALLUCINATION
2026-01-09 08:44:03,183 [INFO] Row 1182: PASS (NONE) - PASS
2026-01-09 08:44:03,627 [INFO] Row 1175: PASS (NONE) - PASS
2026-01-09 08:44:06,040 [INFO] Row 1186: SEVERE_HALLUCINATION (CRITICAL) - HALLUCINATION
2026-01-09 08:44:06,109 [INFO] Row 1184: SEVERE_HALLUCINATION (CRITICAL) - HALLUCINATION
2026-01-09 08:44:06,175 [INFO] Row 1183: PASS (NONE) - PASS
2026-01-09 08:44:06,565 [INFO] Row 1187: SEVERE_HALLUCINATION (CRITICAL) - HALLUCINATION
2026-01-09 08:44:07,100 [INFO] Row 1188: SEVERE_HALLUCINATION (CRITICAL) - HALLUCINATION
2026-01-09 08:44:07,733 [INFO] Row 1190: SEVERE_HALLUCINATION (CRITICAL) - HALLUCINATION
2026-01-09 08:44:07,927 [INFO] Progress saved: 1189/1453
2026-01-09 08:44:08,152 [INFO] Row 1185: SEVERE_HALLUCINATION (CRITICAL) - HALLUCINATION
2026-01-09 08:44:08,383 [INFO] Row 1189: SEVERE_HALLUCINATION (CRITICAL) - HALLUCINATION
2026-01-09 08:44:10,375 [INFO] Row 1194: SEVERE_HALLUCINATION (CRITICAL) - HALLUCINATION
2026-01-09 08:44:11,104 [INFO] Row 1195: SEVERE_HALLUCINATION (CRITICAL) - HALLUCINATION
2026-01-09 08:44:11,177 [INFO] Row 1191: SEVERE_HALLUCINATION (CRITICAL) - HALLUCINATION
2026-01-09 08:44:11,980 [INFO] Row 1193: MODERATE_HALLUCINATION (MEDIUM) - HALLUCINATION
2026-01-09 08:44:12,574 [INFO] Row 1196: SEVERE_HALLUCINATION (CRITICAL) - HALLUCINATION
2026-01-09 08:44:12,717 [INFO] Row 1197: MODERATE_HALLUCINATION (MEDIUM) - HALLUCINATION
2026-01-09 08:44:13,199 [INFO] Row 1198: MODERATE_HALLUCINATION (MEDIUM) - HALLUCINATION
2026-01-09 08:44:14,668 [INFO] Row 1199: SEVERE_HALLUCINATION (CRITICAL) - HALLUCINATION
2026-01-09 08:44:14,856 [INFO] Progress saved: 1199/1453
2026-01-09 08:44:16,103 [INFO] Row 1201: MODERATE_HALLUCINATION (MEDIUM) - HALLUCINATION
2026-01-09 08:44:16,826 [INFO] Row 1200: MODERATE_HALLUCINATION (MEDIUM) - HALLUCINATION
2026-01-09 08:44:17,241 [INFO] Row 1205: SEVERE_HALLUCINATION (CRITICAL) - HALLUCINATION
2026-01-09 08:44:17,374 [INFO] Row 1204: SEVERE_HALLUCINATION (CRITICAL) - HALLUCINATION
2026-01-09 08:44:18,163 [INFO] Row 1203: SEVERE_HALLUCINATION (CRITICAL) - HALLUCINATION
2026-01-09 08:44:18,769 [INFO] Row 1192: SEVERE_HALLUCINATION (CRITICAL) - HALLUCINATION
2026-01-09 08:44:18,904 [INFO] Row 1206: SEVERE_HALLUCINATION (CRITICAL) - HALLUCINATION
2026-01-09 08:44:20,180 [INFO] Row 1202: SEVERE_HALLUCINATION (CRITICAL) - HALLUCINATION
2026-01-09 08:44:21,869 [INFO] Row 1207: SEVERE_HALLUCINATION (CRITICAL) - HALLUCINATION
2026-01-09 08:44:22,972 [INFO] Row 1209: SEVERE_HALLUCINATION (CRITICAL) - HALLUCINATION
2026-01-09 08:44:23,159 [INFO] Progress saved: 1209/1453
2026-01-09 08:44:24,481 [INFO] Row 1214: SEVERE_HALLUCINATION (CRITICAL) - HALLUCINATION
2026-01-09 08:44:24,755 [INFO] Row 1212: SEVERE_HALLUCINATION (CRITICAL) - HALLUCINATION
2026-01-09 08:44:26,356 [INFO] Row 1210: SEVERE_HALLUCINATION (CRITICAL) - HALLUCINATION
2026-01-09 08:44:27,942 [INFO] Row 1216: PASS (NONE) - PASS
2026-01-09 08:44:29,369 [INFO] Row 1218: MODERATE_HALLUCINATION (MEDIUM) - HALLUCINATION
2026-01-09 08:44:30,071 [INFO] Row 1211: SEVERE_HALLUCINATION (CRITICAL) - HALLUCINATION
2026-01-09 08:44:31,624 [INFO] Row 1220: PASS (NONE) - PASS
2026-01-09 08:44:31,626 [INFO] Row 1208: SEVERE_HALLUCINATION (CRITICAL) - HALLUCINATION
2026-01-09 08:44:32,552 [INFO] Row 1219: MODERATE_HALLUCINATION (MEDIUM) - HALLUCINATION
2026-01-09 08:44:34,402 [INFO] Row 1221: PASS (NONE) - PASS
2026-01-09 08:44:34,784 [INFO] Progress saved: 1219/1453
2026-01-09 08:44:34,785 [INFO] Row 1215: SEVERE_HALLUCINATION (CRITICAL) - HALLUCINATION
2026-01-09 08:44:34,785 [INFO] Row 1213: SEVERE_HALLUCINATION (CRITICAL) - HALLUCINATION
2026-01-09 08:44:37,013 [INFO] Row 1225: SEVERE_HALLUCINATION (CRITICAL) - HALLUCINATION
2026-01-09 08:44:37,913 [INFO] Row 1217: MODERATE_HALLUCINATION (MEDIUM) - HALLUCINATION
2026-01-09 08:44:39,024 [INFO] Row 1222: PASS (NONE) - PASS
2026-01-09 08:44:39,932 [INFO] Row 1228: PASS (NONE) - PASS
2026-01-09 08:44:40,073 [INFO] Row 1226: PASS (NONE) - PASS
2026-01-09 08:44:40,289 [INFO] Row 1223: MINOR_HALLUCINATION (LOW) - HALLUCINATION
2026-01-09 08:44:42,308 [INFO] Row 1229: SEVERE_HALLUCINATION (CRITICAL) - HALLUCINATION
2026-01-09 08:44:44,791 [INFO] Row 1233: SEVERE_HALLUCINATION (CRITICAL) - HALLUCINATION
2026-01-09 08:44:45,095 [INFO] Progress saved: 1229/1453
2026-01-09 08:44:45,095 [INFO] Row 1231: PASS (NONE) - PASS
2026-01-09 08:44:45,235 [INFO] Row 1232: SEVERE_HALLUCINATION (CRITICAL) - HALLUCINATION
2026-01-09 08:44:45,340 [INFO] Row 1234: SEVERE_HALLUCINATION (CRITICAL) - HALLUCINATION
2026-01-09 08:44:45,518 [INFO] Row 1224: SEVERE_HALLUCINATION (CRITICAL) - HALLUCINATION
2026-01-09 08:44:46,225 [INFO] Row 1230: SEVERE_HALLUCINATION (CRITICAL) - HALLUCINATION
2026-01-09 08:44:49,153 [INFO] Row 1235: SEVERE_HALLUCINATION (CRITICAL) - HALLUCINATION
2026-01-09 08:44:49,876 [INFO] Row 1227: PASS (NONE) - PASS
2026-01-09 08:44:50,778 [INFO] Row 1238: SEVERE_HALLUCINATION (CRITICAL) - HALLUCINATION
2026-01-09 08:44:51,008 [INFO] Row 1240: SEVERE_HALLUCINATION (CRITICAL) - HALLUCINATION
2026-01-09 08:44:51,395 [INFO] Row 1241: SEVERE_HALLUCINATION (CRITICAL) - HALLUCINATION
2026-01-09 08:44:51,594 [INFO] Progress saved: 1239/1453
2026-01-09 08:44:51,932 [INFO] Row 1239: SEVERE_HALLUCINATION (CRITICAL) - HALLUCINATION
2026-01-09 08:44:52,845 [INFO] Row 1237: SEVERE_HALLUCINATION (CRITICAL) - HALLUCINATION
2026-01-09 08:44:53,379 [INFO] Row 1236: SEVERE_HALLUCINATION (CRITICAL) - HALLUCINATION
2026-01-09 08:44:55,120 [INFO] Row 1242: SEVERE_HALLUCINATION (CRITICAL) - HALLUCINATION
2026-01-09 08:44:55,696 [INFO] Row 1243: SEVERE_HALLUCINATION (CRITICAL) - HALLUCINATION
2026-01-09 08:44:56,778 [INFO] Row 1244: SEVERE_HALLUCINATION (CRITICAL) - HALLUCINATION
2026-01-09 08:44:56,849 [INFO] Row 1247: SEVERE_HALLUCINATION (CRITICAL) - HALLUCINATION
2026-01-09 08:44:56,932 [INFO] Row 1245: SEVERE_HALLUCINATION (CRITICAL) - HALLUCINATION
2026-01-09 08:44:57,584 [INFO] Row 1249: SEVERE_HALLUCINATION (CRITICAL) - HALLUCINATION
2026-01-09 08:44:59,762 [INFO] Row 1251: SEVERE_HALLUCINATION (CRITICAL) - HALLUCINATION
2026-01-09 08:44:59,978 [INFO] Progress saved: 1249/1453
2026-01-09 08:45:00,032 [INFO] Row 1250: SEVERE_HALLUCINATION (CRITICAL) - HALLUCINATION
2026-01-09 08:45:00,344 [INFO] Row 1253: SEVERE_HALLUCINATION (CRITICAL) - HALLUCINATION
2026-01-09 08:45:00,879 [INFO] Row 1252: SEVERE_HALLUCINATION (CRITICAL) - HALLUCINATION
2026-01-09 08:45:01,789 [INFO] Row 1254: SEVERE_HALLUCINATION (CRITICAL) - HALLUCINATION
2026-01-09 08:45:02,308 [INFO] Row 1255: SEVERE_HALLUCINATION (CRITICAL) - HALLUCINATION
2026-01-09 08:45:03,965 [INFO] Row 1256: SEVERE_HALLUCINATION (CRITICAL) - HALLUCINATION
2026-01-09 08:45:04,484 [INFO] Row 1257: PASS (NONE) - PASS
2026-01-09 08:45:04,811 [INFO] Row 1258: SEVERE_HALLUCINATION (CRITICAL) - HALLUCINATION
2026-01-09 08:45:05,292 [INFO] Row 1259: SEVERE_HALLUCINATION (CRITICAL) - HALLUCINATION
2026-01-09 08:45:05,543 [INFO] Row 1260: SEVERE_HALLUCINATION (CRITICAL) - HALLUCINATION
2026-01-09 08:45:05,694 [INFO] Progress saved: 1259/1453
2026-01-09 08:45:08,887 [INFO] Row 1262: SEVERE_HALLUCINATION (CRITICAL) - HALLUCINATION
2026-01-09 08:45:08,906 [INFO] Row 1263: MINOR_HALLUCINATION (LOW) - HALLUCINATION
2026-01-09 08:45:10,469 [INFO] Row 1265: SEVERE_HALLUCINATION (CRITICAL) - HALLUCINATION
2026-01-09 08:45:10,598 [INFO] Row 1266: MODERATE_HALLUCINATION (MEDIUM) - HALLUCINATION
2026-01-09 08:45:14,267 [INFO] Row 1267: SEVERE_HALLUCINATION (CRITICAL) - HALLUCINATION
2026-01-09 08:45:14,523 [INFO] Row 1246: SEVERE_HALLUCINATION (CRITICAL) - HALLUCINATION
2026-01-09 08:45:14,724 [INFO] Row 1248: SEVERE_HALLUCINATION (CRITICAL) - HALLUCINATION
2026-01-09 08:45:15,346 [INFO] Row 1269: SEVERE_HALLUCINATION (CRITICAL) - HALLUCINATION
2026-01-09 08:45:15,480 [INFO] Row 1270: SEVERE_HALLUCINATION (CRITICAL) - HALLUCINATION
2026-01-09 08:45:18,544 [INFO] Row 1268: SEVERE_HALLUCINATION (CRITICAL) - HALLUCINATION
2026-01-09 08:45:18,749 [INFO] Progress saved: 1269/1453
2026-01-09 08:45:20,147 [INFO] Row 1272: MAJOR_HALLUCINATION (HIGH) - HALLUCINATION
2026-01-09 08:45:21,778 [INFO] Row 1274: MAJOR_HALLUCINATION (HIGH) - HALLUCINATION
2026-01-09 08:45:22,471 [INFO] Row 1275: SEVERE_HALLUCINATION (CRITICAL) - HALLUCINATION
2026-01-09 08:45:24,217 [INFO] Row 1276: SEVERE_HALLUCINATION (CRITICAL) - HALLUCINATION
2026-01-09 08:45:26,578 [INFO] Row 1278: SEVERE_HALLUCINATION (CRITICAL) - HALLUCINATION
2026-01-09 08:45:27,489 [INFO] Row 1279: MODERATE_HALLUCINATION (MEDIUM) - HALLUCINATION
2026-01-09 08:45:28,963 [INFO] Row 1280: MAJOR_HALLUCINATION (HIGH) - HALLUCINATION
2026-01-09 08:45:31,225 [INFO] Row 1282: PASS (NONE) - PASS
2026-01-09 08:45:33,689 [INFO] Row 1264: SEVERE_HALLUCINATION (CRITICAL) - HALLUCINATION
2026-01-09 08:45:33,981 [INFO] Row 1283: SEVERE_HALLUCINATION (CRITICAL) - HALLUCINATION
2026-01-09 08:45:34,191 [INFO] Progress saved: 1279/1453
2026-01-09 08:45:34,479 [INFO] Row 1277: SEVERE_HALLUCINATION (CRITICAL) - HALLUCINATION
2026-01-09 08:45:34,713 [INFO] Row 1261: SEVERE_HALLUCINATION (CRITICAL) - HALLUCINATION
2026-01-09 08:45:35,253 [INFO] Row 1273: SEVERE_HALLUCINATION (CRITICAL) - HALLUCINATION
2026-01-09 08:45:36,112 [INFO] Row 1281: SEVERE_HALLUCINATION (CRITICAL) - HALLUCINATION
2026-01-09 08:45:37,415 [INFO] Row 1284: SEVERE_HALLUCINATION (CRITICAL) - HALLUCINATION
2026-01-09 08:45:37,665 [INFO] Row 1271: SEVERE_HALLUCINATION (CRITICAL) - HALLUCINATION
2026-01-09 08:45:39,284 [INFO] Row 1285: PASS (NONE) - PASS
2026-01-09 08:45:39,354 [INFO] Row 1286: PASS (NONE) - PASS
2026-01-09 08:45:39,581 [INFO] Row 1287: SEVERE_HALLUCINATION (CRITICAL) - HALLUCINATION
2026-01-09 08:45:40,280 [INFO] Row 1288: MODERATE_HALLUCINATION (MEDIUM) - HALLUCINATION
2026-01-09 08:45:40,532 [INFO] Progress saved: 1289/1453
2026-01-09 08:45:40,533 [INFO] Row 1289: SEVERE_HALLUCINATION (CRITICAL) - HALLUCINATION
2026-01-09 08:45:41,197 [INFO] Row 1290: MAJOR_HALLUCINATION (HIGH) - HALLUCINATION
2026-01-09 08:45:42,423 [INFO] Row 1291: MODERATE_HALLUCINATION (MEDIUM) - HALLUCINATION
2026-01-09 08:45:42,934 [INFO] Row 1293: MODERATE_HALLUCINATION (MEDIUM) - HALLUCINATION
2026-01-09 08:45:44,639 [INFO] Row 1295: MODERATE_HALLUCINATION (MEDIUM) - HALLUCINATION
2026-01-09 08:45:45,803 [INFO] Row 1298: MODERATE_HALLUCINATION (MEDIUM) - HALLUCINATION
2026-01-09 08:45:47,452 [INFO] Row 1296: MAJOR_HALLUCINATION (HIGH) - HALLUCINATION
2026-01-09 08:45:47,797 [INFO] Row 1297: MODERATE_HALLUCINATION (MEDIUM) - HALLUCINATION
2026-01-09 08:45:48,182 [INFO] Row 1300: MINOR_HALLUCINATION (LOW) - HALLUCINATION
2026-01-09 08:45:48,444 [INFO] Row 1299: PASS (NONE) - PASS
2026-01-09 08:45:48,652 [INFO] Progress saved: 1299/1453
2026-01-09 08:45:49,431 [INFO] Row 1301: MODERATE_HALLUCINATION (MEDIUM) - HALLUCINATION
2026-01-09 08:45:49,975 [INFO] Row 1292: MAJOR_HALLUCINATION (HIGH) - HALLUCINATION
2026-01-09 08:45:50,231 [INFO] Row 1294: MAJOR_HALLUCINATION (HIGH) - HALLUCINATION
2026-01-09 08:45:50,344 [INFO] Row 1302: MAJOR_HALLUCINATION (HIGH) - HALLUCINATION
2026-01-09 08:45:52,099 [INFO] Row 1305: PASS (NONE) - PASS
2026-01-09 08:45:53,140 [INFO] Row 1303: MINOR_HALLUCINATION (LOW) - HALLUCINATION
2026-01-09 08:45:53,971 [INFO] Row 1304: MAJOR_HALLUCINATION (HIGH) - HALLUCINATION
2026-01-09 08:45:54,330 [INFO] Row 1307: MINOR_HALLUCINATION (LOW) - HALLUCINATION
2026-01-09 08:45:54,542 [INFO] Row 1306: MODERATE_HALLUCINATION (MEDIUM) - HALLUCINATION
2026-01-09 08:45:54,671 [INFO] Row 1309: SEVERE_HALLUCINATION (CRITICAL) - HALLUCINATION
2026-01-09 08:45:54,898 [INFO] Progress saved: 1309/1453
2026-01-09 08:45:54,975 [INFO] Row 1310: MODERATE_HALLUCINATION (MEDIUM) - HALLUCINATION
2026-01-09 08:45:55,204 [INFO] Row 1308: MODERATE_HALLUCINATION (MEDIUM) - HALLUCINATION
2026-01-09 08:45:56,285 [INFO] Row 1311: MAJOR_HALLUCINATION (HIGH) - HALLUCINATION
2026-01-09 08:45:58,743 [INFO] Row 1312: MODERATE_HALLUCINATION (MEDIUM) - HALLUCINATION
2026-01-09 08:45:59,486 [INFO] Row 1314: SEVERE_HALLUCINATION (CRITICAL) - HALLUCINATION
2026-01-09 08:45:59,628 [INFO] Row 1316: SEVERE_HALLUCINATION (CRITICAL) - HALLUCINATION
2026-01-09 08:45:59,699 [INFO] Row 1317: MINOR_HALLUCINATION (LOW) - HALLUCINATION
2026-01-09 08:46:00,119 [INFO] Row 1313: MAJOR_HALLUCINATION (HIGH) - HALLUCINATION
2026-01-09 08:46:00,761 [INFO] Row 1319: SEVERE_HALLUCINATION (CRITICAL) - HALLUCINATION
2026-01-09 08:46:03,487 [INFO] Row 1315: PASS (NONE) - PASS
2026-01-09 08:46:03,693 [INFO] Progress saved: 1319/1453
2026-01-09 08:46:04,265 [INFO] Row 1322: MINOR_HALLUCINATION (LOW) - HALLUCINATION
2026-01-09 08:46:04,737 [INFO] Row 1323: SEVERE_HALLUCINATION (CRITICAL) - HALLUCINATION
2026-01-09 08:46:05,229 [INFO] Row 1324: MINOR_HALLUCINATION (LOW) - HALLUCINATION
2026-01-09 08:46:05,928 [INFO] Row 1318: MAJOR_HALLUCINATION (HIGH) - HALLUCINATION
2026-01-09 08:46:06,546 [INFO] Row 1325: SEVERE_HALLUCINATION (CRITICAL) - HALLUCINATION
2026-01-09 08:46:06,617 [INFO] Row 1320: SEVERE_HALLUCINATION (CRITICAL) - HALLUCINATION
2026-01-09 08:46:08,407 [INFO] Row 1326: SEVERE_HALLUCINATION (CRITICAL) - HALLUCINATION
2026-01-09 08:46:09,278 [INFO] Row 1327: SEVERE_HALLUCINATION (CRITICAL) - HALLUCINATION
2026-01-09 08:46:09,787 [INFO] Row 1328: MINOR_HALLUCINATION (LOW) - HALLUCINATION
2026-01-09 08:46:10,658 [INFO] Row 1330: SEVERE_HALLUCINATION (CRITICAL) - HALLUCINATION
2026-01-09 08:46:10,871 [INFO] Progress saved: 1329/1453
2026-01-09 08:46:10,927 [INFO] Row 1329: SEVERE_HALLUCINATION (CRITICAL) - HALLUCINATION
2026-01-09 08:46:11,859 [INFO] Row 1331: SEVERE_HALLUCINATION (CRITICAL) - HALLUCINATION
2026-01-09 08:46:12,123 [INFO] Row 1332: SEVERE_HALLUCINATION (CRITICAL) - HALLUCINATION
2026-01-09 08:46:14,333 [INFO] Row 1333: SEVERE_HALLUCINATION (CRITICAL) - HALLUCINATION
2026-01-09 08:46:14,462 [INFO] Row 1334: SEVERE_HALLUCINATION (CRITICAL) - HALLUCINATION
2026-01-09 08:46:17,147 [INFO] Row 1337: SEVERE_HALLUCINATION (CRITICAL) - HALLUCINATION
2026-01-09 08:46:17,508 [INFO] Row 1336: SEVERE_HALLUCINATION (CRITICAL) - HALLUCINATION
2026-01-09 08:46:17,608 [WARNING] Worker 20064: 401 error, refreshing token...
2026-01-09 08:46:17,775 [INFO] Worker 20064 refreshed token
2026-01-09 08:46:18,379 [INFO] Row 1338: SEVERE_HALLUCINATION (CRITICAL) - HALLUCINATION
2026-01-09 08:46:18,502 [WARNING] Worker 24560: 401 error, refreshing token...
2026-01-09 08:46:18,642 [INFO] Worker 24560 refreshed token
2026-01-09 08:46:18,704 [INFO] Row 1339: SEVERE_HALLUCINATION (CRITICAL) - HALLUCINATION
2026-01-09 08:46:18,837 [WARNING] Worker 12556: 401 error, refreshing token...
2026-01-09 08:46:18,957 [INFO] Worker 12556 refreshed token
2026-01-09 08:46:19,858 [INFO] Row 1340: SEVERE_HALLUCINATION (CRITICAL) - HALLUCINATION
2026-01-09 08:46:19,988 [WARNING] Worker 19300: 401 error, refreshing token...
2026-01-09 08:46:20,106 [INFO] Worker 19300 refreshed token
2026-01-09 08:46:20,164 [INFO] Progress saved: 1339/1453
2026-01-09 08:46:20,369 [INFO] Row 1341: SEVERE_HALLUCINATION (CRITICAL) - HALLUCINATION
2026-01-09 08:46:20,483 [WARNING] Worker 24128: 401 error, refreshing token...
2026-01-09 08:46:20,614 [INFO] Worker 24128 refreshed token
2026-01-09 08:46:21,767 [INFO] Row 1321: SEVERE_HALLUCINATION (CRITICAL) - HALLUCINATION
2026-01-09 08:46:21,893 [WARNING] Worker 14988: 401 error, refreshing token...
2026-01-09 08:46:22,025 [INFO] Worker 14988 refreshed token
2026-01-09 08:46:22,780 [INFO] Row 1342: SEVERE_HALLUCINATION (CRITICAL) - HALLUCINATION
2026-01-09 08:46:22,851 [INFO] Row 1343: SEVERE_HALLUCINATION (CRITICAL) - HALLUCINATION
2026-01-09 08:46:22,976 [WARNING] Worker 24212: 401 error, refreshing token...
2026-01-09 08:46:23,091 [INFO] Worker 24212 refreshed token
2026-01-09 08:46:23,829 [INFO] Row 1344: SEVERE_HALLUCINATION (CRITICAL) - HALLUCINATION
2026-01-09 08:46:23,998 [INFO] Row 1345: SEVERE_HALLUCINATION (CRITICAL) - HALLUCINATION
2026-01-09 08:46:25,748 [INFO] Row 1346: SEVERE_HALLUCINATION (CRITICAL) - HALLUCINATION
2026-01-09 08:46:25,818 [INFO] Row 1347: SEVERE_HALLUCINATION (CRITICAL) - HALLUCINATION
2026-01-09 08:46:27,861 [INFO] Row 1335: SEVERE_HALLUCINATION (CRITICAL) - HALLUCINATION
2026-01-09 08:46:27,988 [WARNING] Worker 25548: 401 error, refreshing token...
2026-01-09 08:46:28,087 [INFO] Worker 25548 refreshed token
2026-01-09 08:46:28,155 [INFO] Row 1348: MODERATE_HALLUCINATION (MEDIUM) - HALLUCINATION
2026-01-09 08:46:28,437 [INFO] Progress saved: 1349/1453
2026-01-09 08:46:28,439 [INFO] Row 1350: MODERATE_HALLUCINATION (MEDIUM) - HALLUCINATION
2026-01-09 08:46:28,904 [INFO] Row 1349: SEVERE_HALLUCINATION (CRITICAL) - HALLUCINATION
2026-01-09 08:46:29,672 [INFO] Row 1351: SEVERE_HALLUCINATION (CRITICAL) - HALLUCINATION
2026-01-09 08:46:29,959 [INFO] Row 1352: SEVERE_HALLUCINATION (CRITICAL) - HALLUCINATION
2026-01-09 08:46:30,224 [INFO] Row 1354: PASS (NONE) - PASS
2026-01-09 08:46:31,754 [INFO] Row 1355: PASS (NONE) - PASS
2026-01-09 08:46:32,047 [INFO] Row 1353: SEVERE_HALLUCINATION (CRITICAL) - HALLUCINATION
2026-01-09 08:46:32,632 [INFO] Row 1357: SEVERE_HALLUCINATION (CRITICAL) - HALLUCINATION
2026-01-09 08:46:33,899 [INFO] Row 1358: SEVERE_HALLUCINATION (CRITICAL) - HALLUCINATION
2026-01-09 08:46:34,028 [INFO] Row 1356: MODERATE_HALLUCINATION (MEDIUM) - HALLUCINATION
2026-01-09 08:46:34,287 [INFO] Progress saved: 1359/1453
2026-01-09 08:46:34,838 [INFO] Row 1360: PASS (NONE) - PASS
2026-01-09 08:46:34,964 [INFO] Row 1361: PASS (NONE) - PASS
2026-01-09 08:46:35,962 [INFO] Row 1362: PASS (NONE) - PASS
2026-01-09 08:46:37,899 [INFO] Row 1364: SEVERE_HALLUCINATION (CRITICAL) - HALLUCINATION
2026-01-09 08:46:39,292 [INFO] Row 1365: MINOR_HALLUCINATION (LOW) - HALLUCINATION
2026-01-09 08:46:39,583 [INFO] Row 1367: PASS (NONE) - PASS
2026-01-09 08:46:39,842 [INFO] Row 1368: MINOR_HALLUCINATION (LOW) - HALLUCINATION
2026-01-09 08:46:40,114 [INFO] Row 1366: MODERATE_HALLUCINATION (MEDIUM) - HALLUCINATION
2026-01-09 08:46:41,323 [INFO] Row 1369: MINOR_HALLUCINATION (LOW) - HALLUCINATION
2026-01-09 08:46:42,904 [INFO] Row 1363: PASS (NONE) - PASS
2026-01-09 08:46:43,100 [INFO] Progress saved: 1369/1453
2026-01-09 08:46:43,277 [INFO] Row 1372: PASS (NONE) - PASS
2026-01-09 08:46:43,401 [INFO] Row 1359: MODERATE_HALLUCINATION (MEDIUM) - HALLUCINATION
2026-01-09 08:46:44,414 [INFO] Row 1370: MODERATE_HALLUCINATION (MEDIUM) - HALLUCINATION
2026-01-09 08:46:45,319 [INFO] Row 1371: MINOR_HALLUCINATION (LOW) - HALLUCINATION
2026-01-09 08:46:45,792 [INFO] Row 1373: PASS (NONE) - PASS
2026-01-09 08:46:47,836 [INFO] Row 1376: PASS (NONE) - PASS
2026-01-09 08:46:48,123 [INFO] Row 1375: MINOR_HALLUCINATION (LOW) - HALLUCINATION
2026-01-09 08:46:48,252 [INFO] Row 1378: PASS (NONE) - PASS
2026-01-09 08:46:49,488 [INFO] Row 1380: PASS (NONE) - PASS
2026-01-09 08:46:50,084 [INFO] Row 1377: MINOR_HALLUCINATION (LOW) - HALLUCINATION
2026-01-09 08:46:50,291 [INFO] Progress saved: 1379/1453
2026-01-09 08:46:50,706 [INFO] Row 1381: MAJOR_HALLUCINATION (HIGH) - HALLUCINATION
2026-01-09 08:46:50,779 [INFO] Row 1379: MINOR_HALLUCINATION (LOW) - HALLUCINATION
2026-01-09 08:46:54,200 [INFO] Row 1386: SEVERE_HALLUCINATION (CRITICAL) - HALLUCINATION
2026-01-09 08:46:54,462 [INFO] Row 1384: MINOR_HALLUCINATION (LOW) - HALLUCINATION
2026-01-09 08:46:54,594 [INFO] Row 1383: MODERATE_HALLUCINATION (MEDIUM) - HALLUCINATION
2026-01-09 08:46:54,848 [INFO] Row 1388: SEVERE_HALLUCINATION (CRITICAL) - HALLUCINATION
2026-01-09 08:46:56,679 [INFO] Row 1374: MAJOR_HALLUCINATION (HIGH) - HALLUCINATION
2026-01-09 08:46:57,840 [INFO] Row 1387: MODERATE_HALLUCINATION (MEDIUM) - HALLUCINATION
2026-01-09 08:46:58,986 [INFO] Row 1392: SEVERE_HALLUCINATION (CRITICAL) - HALLUCINATION
2026-01-09 08:46:59,089 [INFO] Row 1389: SEVERE_HALLUCINATION (CRITICAL) - HALLUCINATION
2026-01-09 08:46:59,338 [INFO] Progress saved: 1389/1453
2026-01-09 08:47:00,590 [INFO] Row 1393: SEVERE_HALLUCINATION (CRITICAL) - HALLUCINATION
2026-01-09 08:47:00,808 [INFO] Row 1382: MAJOR_HALLUCINATION (HIGH) - HALLUCINATION
2026-01-09 08:47:01,407 [INFO] Row 1391: MAJOR_HALLUCINATION (HIGH) - HALLUCINATION
2026-01-09 08:47:01,409 [INFO] Row 1385: MINOR_HALLUCINATION (LOW) - HALLUCINATION
2026-01-09 08:47:03,488 [INFO] Row 1396: SEVERE_HALLUCINATION (CRITICAL) - HALLUCINATION
2026-01-09 08:47:04,007 [INFO] Row 1394: SEVERE_HALLUCINATION (CRITICAL) - HALLUCINATION
2026-01-09 08:47:04,183 [INFO] Row 1395: SEVERE_HALLUCINATION (CRITICAL) - HALLUCINATION
2026-01-09 08:47:05,046 [INFO] Row 1398: SEVERE_HALLUCINATION (CRITICAL) - HALLUCINATION
2026-01-09 08:47:05,287 [INFO] Row 1400: SEVERE_HALLUCINATION (CRITICAL) - HALLUCINATION
2026-01-09 08:47:05,452 [INFO] Row 1397: SEVERE_HALLUCINATION (CRITICAL) - HALLUCINATION
2026-01-09 08:47:05,618 [INFO] Progress saved: 1399/1453
2026-01-09 08:47:06,407 [INFO] Row 1390: MAJOR_HALLUCINATION (HIGH) - HALLUCINATION
2026-01-09 08:47:08,031 [INFO] Row 1403: SEVERE_HALLUCINATION (CRITICAL) - HALLUCINATION
2026-01-09 08:47:08,295 [INFO] Row 1401: SEVERE_HALLUCINATION (CRITICAL) - HALLUCINATION
2026-01-09 08:47:08,420 [INFO] Row 1399: MAJOR_HALLUCINATION (HIGH) - HALLUCINATION
2026-01-09 08:47:09,042 [INFO] Row 1404: SEVERE_HALLUCINATION (CRITICAL) - HALLUCINATION
2026-01-09 08:47:09,323 [INFO] Row 1406: SEVERE_HALLUCINATION (CRITICAL) - HALLUCINATION
2026-01-09 08:47:10,339 [INFO] Row 1405: SEVERE_HALLUCINATION (CRITICAL) - HALLUCINATION
2026-01-09 08:47:10,717 [INFO] Row 1407: SEVERE_HALLUCINATION (CRITICAL) - HALLUCINATION
2026-01-09 08:47:11,832 [INFO] Row 1408: SEVERE_HALLUCINATION (CRITICAL) - HALLUCINATION
2026-01-09 08:47:12,654 [INFO] Row 1411: SEVERE_HALLUCINATION (CRITICAL) - HALLUCINATION
2026-01-09 08:47:12,885 [INFO] Progress saved: 1409/1453
2026-01-09 08:47:13,873 [INFO] Row 1410: SEVERE_HALLUCINATION (CRITICAL) - HALLUCINATION
2026-01-09 08:47:13,995 [INFO] Row 1402: SEVERE_HALLUCINATION (CRITICAL) - HALLUCINATION
2026-01-09 08:47:14,706 [INFO] Row 1414: SEVERE_HALLUCINATION (CRITICAL) - HALLUCINATION
2026-01-09 08:47:15,869 [INFO] Row 1415: SEVERE_HALLUCINATION (CRITICAL) - HALLUCINATION
2026-01-09 08:47:16,291 [INFO] Row 1409: MAJOR_HALLUCINATION (HIGH) - HALLUCINATION
2026-01-09 08:47:16,369 [INFO] Row 1413: MODERATE_HALLUCINATION (MEDIUM) - HALLUCINATION
2026-01-09 08:47:16,524 [INFO] Row 1412: MAJOR_HALLUCINATION (HIGH) - HALLUCINATION
2026-01-09 08:47:18,961 [INFO] Row 1417: SEVERE_HALLUCINATION (CRITICAL) - HALLUCINATION
2026-01-09 08:47:19,086 [INFO] Row 1419: SEVERE_HALLUCINATION (CRITICAL) - HALLUCINATION
2026-01-09 08:47:19,451 [INFO] Row 1416: SEVERE_HALLUCINATION (CRITICAL) - HALLUCINATION
2026-01-09 08:47:19,682 [INFO] Progress saved: 1419/1453
2026-01-09 08:47:21,075 [INFO] Row 1420: SEVERE_HALLUCINATION (CRITICAL) - HALLUCINATION
2026-01-09 08:47:21,291 [INFO] Row 1422: MAJOR_HALLUCINATION (HIGH) - HALLUCINATION
2026-01-09 08:47:22,199 [INFO] Row 1421: SEVERE_HALLUCINATION (CRITICAL) - HALLUCINATION
2026-01-09 08:47:24,679 [INFO] Row 1418: SEVERE_HALLUCINATION (CRITICAL) - HALLUCINATION
2026-01-09 08:47:24,754 [INFO] Row 1425: SEVERE_HALLUCINATION (CRITICAL) - HALLUCINATION
2026-01-09 08:47:24,895 [INFO] Row 1423: SEVERE_HALLUCINATION (CRITICAL) - HALLUCINATION
2026-01-09 08:47:25,672 [INFO] Row 1424: SEVERE_HALLUCINATION (CRITICAL) - HALLUCINATION
2026-01-09 08:47:25,807 [INFO] Row 1426: SEVERE_HALLUCINATION (CRITICAL) - HALLUCINATION
2026-01-09 08:47:27,390 [INFO] Row 1427: MAJOR_HALLUCINATION (HIGH) - HALLUCINATION
2026-01-09 08:47:27,542 [INFO] Row 1428: MODERATE_HALLUCINATION (MEDIUM) - HALLUCINATION
2026-01-09 08:47:27,773 [INFO] Progress saved: 1429/1453
2026-01-09 08:47:29,045 [INFO] Row 1430: SEVERE_HALLUCINATION (CRITICAL) - HALLUCINATION
2026-01-09 08:47:29,770 [INFO] Row 1429: MODERATE_HALLUCINATION (MEDIUM) - HALLUCINATION
2026-01-09 08:47:30,211 [INFO] Row 1431: MAJOR_HALLUCINATION (HIGH) - HALLUCINATION
2026-01-09 08:47:31,127 [INFO] Row 1432: MODERATE_HALLUCINATION (MEDIUM) - HALLUCINATION
2026-01-09 08:47:31,486 [INFO] Row 1433: MAJOR_HALLUCINATION (HIGH) - HALLUCINATION
2026-01-09 08:47:31,923 [INFO] Row 1434: MAJOR_HALLUCINATION (HIGH) - HALLUCINATION
2026-01-09 08:47:32,560 [INFO] Row 1436: MAJOR_HALLUCINATION (HIGH) - HALLUCINATION
2026-01-09 08:47:34,237 [INFO] Row 1438: MODERATE_HALLUCINATION (MEDIUM) - HALLUCINATION
2026-01-09 08:47:34,544 [INFO] Row 1439: MODERATE_HALLUCINATION (MEDIUM) - HALLUCINATION
2026-01-09 08:47:34,817 [INFO] Row 1437: MODERATE_HALLUCINATION (MEDIUM) - HALLUCINATION
2026-01-09 08:47:35,030 [INFO] Progress saved: 1439/1453
2026-01-09 08:47:36,493 [INFO] Row 1442: MODERATE_HALLUCINATION (MEDIUM) - HALLUCINATION
2026-01-09 08:47:36,948 [INFO] Row 1440: MAJOR_HALLUCINATION (HIGH) - HALLUCINATION
2026-01-09 08:47:37,019 [INFO] Row 1443: MODERATE_HALLUCINATION (MEDIUM) - HALLUCINATION
2026-01-09 08:47:39,152 [INFO] Row 1446: MODERATE_HALLUCINATION (MEDIUM) - HALLUCINATION
2026-01-09 08:47:39,337 [INFO] Row 1444: MAJOR_HALLUCINATION (HIGH) - HALLUCINATION
2026-01-09 08:47:39,634 [INFO] Row 1445: MODERATE_HALLUCINATION (MEDIUM) - HALLUCINATION
2026-01-09 08:47:41,553 [INFO] Row 1447: MODERATE_HALLUCINATION (MEDIUM) - HALLUCINATION
2026-01-09 08:47:42,762 [INFO] Row 1448: MODERATE_HALLUCINATION (MEDIUM) - HALLUCINATION
2026-01-09 08:47:42,825 [INFO] Row 1449: MAJOR_HALLUCINATION (HIGH) - HALLUCINATION
2026-01-09 08:47:43,727 [INFO] Row 1451: MAJOR_HALLUCINATION (HIGH) - HALLUCINATION
2026-01-09 08:47:43,914 [INFO] Progress saved: 1449/1453
2026-01-09 08:47:44,107 [INFO] Row 1452: MAJOR_HALLUCINATION (HIGH) - HALLUCINATION
2026-01-09 08:47:56,967 [INFO] Row 1435: PASS (NONE) - PASS
2026-01-09 08:47:59,749 [INFO] Row 1450: PASS (NONE) - PASS
2026-01-09 08:48:01,622 [INFO] Row 1441: MODERATE_HALLUCINATION (MEDIUM) - HALLUCINATION
2026-01-09 08:48:01,876 [INFO] Progress saved: 1453/1453
2026-01-09 08:48:01,876 [INFO] 
STEP 5: Generating reports
2026-01-09 08:48:01,939 [INFO] Hallucination report saved to: hallucination_reports\HALLUCINATION_REPORT_20260109_084801.txt
2026-01-09 08:48:03,268 [INFO] Excel report saved to: hallucination_reports\HALLUCINATION_REPORT_DETAILED_MP2_20260109_084801.xlsx
